[2.819s] Invoking command in '/home/sushant-ros/my_bots/src/agribot_description': DEBUGINFOD_URLS=https://debuginfod.ubuntu.com PYTHONPATH=/home/sushant-ros/my_bots/src/build/agribot_description/prefix_override:/usr/lib/python3/dist-packages/colcon_core/task/python/colcon_distutils_commands:/home/sushant-ros/my_bots/src/install/agribot_description/lib/python3.12/site-packages:${PYTHONPATH} /usr/bin/python3 -W ignore:setup.py install is deprecated -W ignore:easy_install command is deprecated setup.py egg_info --egg-base ../build/agribot_description build --build-base /home/sushant-ros/my_bots/src/build/agribot_description/build install --record /home/sushant-ros/my_bots/src/build/agribot_description/install.log --single-version-externally-managed install_data
[3.354s] running egg_info
[3.354s] creating ../build/agribot_description/agribot_description.egg-info
[3.387s] writing ../build/agribot_description/agribot_description.egg-info/PKG-INFO
[3.387s] writing dependency_links to ../build/agribot_description/agribot_description.egg-info/dependency_links.txt
[3.387s] writing requirements to ../build/agribot_description/agribot_description.egg-info/requires.txt
[3.388s] writing top-level names to ../build/agribot_description/agribot_description.egg-info/top_level.txt
[3.388s] writing manifest file '../build/agribot_description/agribot_description.egg-info/SOURCES.txt'
[3.453s] reading manifest file '../build/agribot_description/agribot_description.egg-info/SOURCES.txt'
[3.455s] writing manifest file '../build/agribot_description/agribot_description.egg-info/SOURCES.txt'
[3.455s] running build
[3.456s] running build_py
[3.456s] creating /home/sushant-ros/my_bots/src/build/agribot_description/build
[3.456s] creating /home/sushant-ros/my_bots/src/build/agribot_description/build/lib
[3.456s] creating /home/sushant-ros/my_bots/src/build/agribot_description/build/lib/agribot_description
[3.456s] copying agribot_description/__init__.py -> /home/sushant-ros/my_bots/src/build/agribot_description/build/lib/agribot_description
[3.457s] running install
[3.470s] running install_lib
[3.518s] creating /home/sushant-ros/my_bots/src/install/agribot_description/lib/python3.12/site-packages/agribot_description
[3.518s] copying /home/sushant-ros/my_bots/src/build/agribot_description/build/lib/agribot_description/__init__.py -> /home/sushant-ros/my_bots/src/install/agribot_description/lib/python3.12/site-packages/agribot_description
[3.524s] byte-compiling /home/sushant-ros/my_bots/src/install/agribot_description/lib/python3.12/site-packages/agribot_description/__init__.py to __init__.cpython-312.pyc
[3.525s] running install_data
[3.525s] creating /home/sushant-ros/my_bots/src/install/agribot_description/share/ament_index
[3.525s] creating /home/sushant-ros/my_bots/src/install/agribot_description/share/ament_index/resource_index
[3.526s] creating /home/sushant-ros/my_bots/src/install/agribot_description/share/ament_index/resource_index/packages
[3.526s] copying resource/agribot_description -> /home/sushant-ros/my_bots/src/install/agribot_description/share/ament_index/resource_index/packages
[3.526s] copying package.xml -> /home/sushant-ros/my_bots/src/install/agribot_description/share/agribot_description
[3.526s] creating /home/sushant-ros/my_bots/src/install/agribot_description/share/agribot_description/launch
[3.526s] copying launch/gazebo.launch.py -> /home/sushant-ros/my_bots/src/install/agribot_description/share/agribot_description/launch
[3.529s] copying launch/display.launch.py -> /home/sushant-ros/my_bots/src/install/agribot_description/share/agribot_description/launch
[3.530s] creating /home/sushant-ros/my_bots/src/install/agribot_description/share/agribot_description/urdf
[3.530s] copying urdf/materials.xacro -> /home/sushant-ros/my_bots/src/install/agribot_description/share/agribot_description/urdf
[3.531s] copying urdf/agribot.ros2control -> /home/sushant-ros/my_bots/src/install/agribot_description/share/agribot_description/urdf
[3.531s] copying urdf/agribot.gazebo -> /home/sushant-ros/my_bots/src/install/agribot_description/share/agribot_description/urdf
[3.532s] copying urdf/agribot.xacro -> /home/sushant-ros/my_bots/src/install/agribot_description/share/agribot_description/urdf
[3.532s] creating /home/sushant-ros/my_bots/src/install/agribot_description/share/agribot_description/meshes
[3.532s] copying meshes/motor_3.stl -> /home/sushant-ros/my_bots/src/install/agribot_description/share/agribot_description/meshes
[3.534s] copying meshes/base_link.stl -> /home/sushant-ros/my_bots/src/install/agribot_description/share/agribot_description/meshes
[3.541s] copying meshes/camera_link_1.stl -> /home/sushant-ros/my_bots/src/install/agribot_description/share/agribot_description/meshes
[3.542s] copying meshes/motor_mount_2.stl -> /home/sushant-ros/my_bots/src/install/agribot_description/share/agribot_description/meshes
[3.545s] copying meshes/motor_mount_5.stl -> /home/sushant-ros/my_bots/src/install/agribot_description/share/agribot_description/meshes
[3.548s] copying meshes/motor_6.stl -> /home/sushant-ros/my_bots/src/install/agribot_description/share/agribot_description/meshes
[3.550s] copying meshes/left_rear_link_1.stl -> /home/sushant-ros/my_bots/src/install/agribot_description/share/agribot_description/meshes
[3.555s] copying meshes/motor_mount_4.stl -> /home/sushant-ros/my_bots/src/install/agribot_description/share/agribot_description/meshes
[3.561s] copying meshes/lidar_link_1.stl -> /home/sushant-ros/my_bots/src/install/agribot_description/share/agribot_description/meshes
[3.562s] copying meshes/left_mid_link_1.stl -> /home/sushant-ros/my_bots/src/install/agribot_description/share/agribot_description/meshes
[3.564s] copying meshes/motor_mount_6.stl -> /home/sushant-ros/my_bots/src/install/agribot_description/share/agribot_description/meshes
[3.566s] copying meshes/motor_1.stl -> /home/sushant-ros/my_bots/src/install/agribot_description/share/agribot_description/meshes
[3.567s] copying meshes/motor_mount_3.stl -> /home/sushant-ros/my_bots/src/install/agribot_description/share/agribot_description/meshes
[3.570s] copying meshes/motor_2.stl -> /home/sushant-ros/my_bots/src/install/agribot_description/share/agribot_description/meshes
[3.575s] copying meshes/motor_4.stl -> /home/sushant-ros/my_bots/src/install/agribot_description/share/agribot_description/meshes
[3.577s] copying meshes/motor_mount_1.stl -> /home/sushant-ros/my_bots/src/install/agribot_description/share/agribot_description/meshes
[3.578s] copying meshes/left_front_link_1.stl -> /home/sushant-ros/my_bots/src/install/agribot_description/share/agribot_description/meshes
[3.581s] copying meshes/right_mid_link_1.stl -> /home/sushant-ros/my_bots/src/install/agribot_description/share/agribot_description/meshes
[3.583s] copying meshes/motor_5.stl -> /home/sushant-ros/my_bots/src/install/agribot_description/share/agribot_description/meshes
[3.584s] copying meshes/imu_link_1.stl -> /home/sushant-ros/my_bots/src/install/agribot_description/share/agribot_description/meshes
[3.585s] copying meshes/right_rear_link_1.stl -> /home/sushant-ros/my_bots/src/install/agribot_description/share/agribot_description/meshes
[3.588s] copying meshes/right_front_link_1.stl -> /home/sushant-ros/my_bots/src/install/agribot_description/share/agribot_description/meshes
[3.590s] creating /home/sushant-ros/my_bots/src/install/agribot_description/share/agribot_description/config
[3.590s] copying config/display.rviz -> /home/sushant-ros/my_bots/src/install/agribot_description/share/agribot_description/config
[3.591s] copying config/ros_gz_bridge_gazebo.yaml -> /home/sushant-ros/my_bots/src/install/agribot_description/share/agribot_description/config
[3.591s] copying config/gazebo.rviz -> /home/sushant-ros/my_bots/src/install/agribot_description/share/agribot_description/config
[3.591s] running install_egg_info
[3.642s] Copying ../build/agribot_description/agribot_description.egg-info to /home/sushant-ros/my_bots/src/install/agribot_description/lib/python3.12/site-packages/agribot_description-0.0.0-py3.12.egg-info
[3.644s] running install_scripts
[3.890s] writing list of installed files to '/home/sushant-ros/my_bots/src/build/agribot_description/install.log'
[3.962s] Invoked command in '/home/sushant-ros/my_bots/src/agribot_description' returned '0': DEBUGINFOD_URLS=https://debuginfod.ubuntu.com PYTHONPATH=/home/sushant-ros/my_bots/src/build/agribot_description/prefix_override:/usr/lib/python3/dist-packages/colcon_core/task/python/colcon_distutils_commands:/home/sushant-ros/my_bots/src/install/agribot_description/lib/python3.12/site-packages:${PYTHONPATH} /usr/bin/python3 -W ignore:setup.py install is deprecated -W ignore:easy_install command is deprecated setup.py egg_info --egg-base ../build/agribot_description build --build-base /home/sushant-ros/my_bots/src/build/agribot_description/build install --record /home/sushant-ros/my_bots/src/build/agribot_description/install.log --single-version-externally-managed install_data
