running egg_info
creating ../build/bumperbot_examples_py/bumperbot_examples_py.egg-info
writing ../build/bumperbot_examples_py/bumperbot_examples_py.egg-info/PKG-INFO
writing dependency_links to ../build/bumperbot_examples_py/bumperbot_examples_py.egg-info/dependency_links.txt
writing entry points to ../build/bumperbot_examples_py/bumperbot_examples_py.egg-info/entry_points.txt
writing requirements to ../build/bumperbot_examples_py/bumperbot_examples_py.egg-info/requires.txt
writing top-level names to ../build/bumperbot_examples_py/bumperbot_examples_py.egg-info/top_level.txt
writing manifest file '../build/bumperbot_examples_py/bumperbot_examples_py.egg-info/SOURCES.txt'
reading manifest file '../build/bumperbot_examples_py/bumperbot_examples_py.egg-info/SOURCES.txt'
writing manifest file '../build/bumperbot_examples_py/bumperbot_examples_py.egg-info/SOURCES.txt'
running build
running build_py
creating /home/sushant-ros/my_bots/src/build/bumperbot_examples_py/build
creating /home/sushant-ros/my_bots/src/build/bumperbot_examples_py/build/lib
creating /home/sushant-ros/my_bots/src/build/bumperbot_examples_py/build/lib/bumperbot_examples_py
copying bumperbot_examples_py/__init__.py -> /home/sushant-ros/my_bots/src/build/bumperbot_examples_py/build/lib/bumperbot_examples_py
copying bumperbot_examples_py/simple_parameter.py -> /home/sushant-ros/my_bots/src/build/bumperbot_examples_py/build/lib/bumperbot_examples_py
running install
running install_lib
creating /home/sushant-ros/my_bots/src/install/bumperbot_examples_py/lib/python3.12/site-packages/bumperbot_examples_py
copying /home/sushant-ros/my_bots/src/build/bumperbot_examples_py/build/lib/bumperbot_examples_py/__init__.py -> /home/sushant-ros/my_bots/src/install/bumperbot_examples_py/lib/python3.12/site-packages/bumperbot_examples_py
copying /home/sushant-ros/my_bots/src/build/bumperbot_examples_py/build/lib/bumperbot_examples_py/simple_parameter.py -> /home/sushant-ros/my_bots/src/install/bumperbot_examples_py/lib/python3.12/site-packages/bumperbot_examples_py
byte-compiling /home/sushant-ros/my_bots/src/install/bumperbot_examples_py/lib/python3.12/site-packages/bumperbot_examples_py/__init__.py to __init__.cpython-312.pyc
byte-compiling /home/sushant-ros/my_bots/src/install/bumperbot_examples_py/lib/python3.12/site-packages/bumperbot_examples_py/simple_parameter.py to simple_parameter.cpython-312.pyc
running install_data
creating /home/sushant-ros/my_bots/src/install/bumperbot_examples_py/share/ament_index
creating /home/sushant-ros/my_bots/src/install/bumperbot_examples_py/share/ament_index/resource_index
creating /home/sushant-ros/my_bots/src/install/bumperbot_examples_py/share/ament_index/resource_index/packages
copying resource/bumperbot_examples_py -> /home/sushant-ros/my_bots/src/install/bumperbot_examples_py/share/ament_index/resource_index/packages
copying package.xml -> /home/sushant-ros/my_bots/src/install/bumperbot_examples_py/share/bumperbot_examples_py
running install_egg_info
Copying ../build/bumperbot_examples_py/bumperbot_examples_py.egg-info to /home/sushant-ros/my_bots/src/install/bumperbot_examples_py/lib/python3.12/site-packages/bumperbot_examples_py-0.0.0-py3.12.egg-info
running install_scripts
Installing simple_parameter script to /home/sushant-ros/my_bots/src/install/bumperbot_examples_py/lib/bumperbot_examples_py
writing list of installed files to '/home/sushant-ros/my_bots/src/build/bumperbot_examples_py/install.log'
