-- The C compiler identification is GNU 13.3.0
-- The CXX compiler identification is GNU 13.3.0
-- Detecting C compiler ABI info
-- Detecting C compiler ABI info - done
-- Check for working C compiler: /usr/bin/cc - skipped
-- Detecting C compile features
-- Detecting C compile features - done
-- Detecting CXX compiler ABI info
-- Detecting CXX compiler ABI info - done
-- Check for working CXX compiler: /usr/bin/c++ - skipped
-- Detecting CXX compile features
-- Detecting CXX compile features - done
-- Found ament_cmake: 2.5.4 (/opt/ros/jazzy/share/ament_cmake/cmake)
-- Found Python3: /usr/bin/python3 (found version "3.12.3") found components: Interpreter 
-- Found rclcpp: 28.1.13 (/opt/ros/jazzy/share/rclcpp/cmake)
-- Found rosidl_generator_c: 4.6.6 (/opt/ros/jazzy/share/rosidl_generator_c/cmake)
-- Found rosidl_generator_cpp: 4.6.6 (/opt/ros/jazzy/share/rosidl_generator_cpp/cmake)
-- Using all available rosidl_typesupport_c: rosidl_typesupport_fastrtps_c;rosidl_typesupport_introspection_c
-- Using all available rosidl_typesupport_cpp: rosidl_typesupport_fastrtps_cpp;rosidl_typesupport_introspection_cpp
-- Found rmw_implementation_cmake: 7.3.2 (/opt/ros/jazzy/share/rmw_implementation_cmake/cmake)
-- Found rmw_fastrtps_cpp: 8.4.3 (/opt/ros/jazzy/share/rmw_fastrtps_cpp/cmake)
-- Found OpenSSL: /usr/lib/x86_64-linux-gnu/libcrypto.so (found version "3.0.13")  
-- Found FastRTPS: /opt/ros/jazzy/include (Required is at least version "2.13") 
-- Using RMW implementation 'rmw_fastrtps_cpp' as default
-- Configuring done (3.2s)
-- Generating done (0.0s)
-- Build files have been written to: /home/sushant-ros/my_bots/src/build/bumperbot_description
-- Install configuration: ""
-- Installing: /home/sushant-ros/my_bots/src/install/bumperbot_description/share/bumperbot_description/meshes
-- Installing: /home/sushant-ros/my_bots/src/install/bumperbot_description/share/bumperbot_description/meshes/wheel_left_link.STL
-- Installing: /home/sushant-ros/my_bots/src/install/bumperbot_description/share/bumperbot_description/meshes/imu_link.STL
-- Installing: /home/sushant-ros/my_bots/src/install/bumperbot_description/share/bumperbot_description/meshes/base_link.STL
-- Installing: /home/sushant-ros/my_bots/src/install/bumperbot_description/share/bumperbot_description/meshes/caster_front_link.STL
-- Installing: /home/sushant-ros/my_bots/src/install/bumperbot_description/share/bumperbot_description/meshes/wheel_right_link.STL
-- Installing: /home/sushant-ros/my_bots/src/install/bumperbot_description/share/bumperbot_description/meshes/caster_rear_link.STL
-- Installing: /home/sushant-ros/my_bots/src/install/bumperbot_description/share/bumperbot_description/urdf
-- Installing: /home/sushant-ros/my_bots/src/install/bumperbot_description/share/bumperbot_description/urdf/bumperbot_gazebo.xacro
-- Installing: /home/sushant-ros/my_bots/src/install/bumperbot_description/share/bumperbot_description/urdf/bumperbot.urdf.xacro
-- Installing: /home/sushant-ros/my_bots/src/install/bumperbot_description/share/bumperbot_description/urdf/bumperbot_ros2_control.xacro
-- Installing: /home/sushant-ros/my_bots/src/install/bumperbot_description/share/bumperbot_description/launch
-- Installing: /home/sushant-ros/my_bots/src/install/bumperbot_description/share/bumperbot_description/launch/gazebo.launch.py
-- Installing: /home/sushant-ros/my_bots/src/install/bumperbot_description/share/bumperbot_description/launch/display.launch.py
-- Installing: /home/sushant-ros/my_bots/src/install/bumperbot_description/share/bumperbot_description/config
-- Installing: /home/sushant-ros/my_bots/src/install/bumperbot_description/share/bumperbot_description/config/display.rviz
-- Installing: /home/sushant-ros/my_bots/src/install/bumperbot_description/share/ament_index/resource_index/package_run_dependencies/bumperbot_description
-- Installing: /home/sushant-ros/my_bots/src/install/bumperbot_description/share/ament_index/resource_index/parent_prefix_path/bumperbot_description
-- Installing: /home/sushant-ros/my_bots/src/install/bumperbot_description/share/bumperbot_description/environment/ament_prefix_path.sh
-- Installing: /home/sushant-ros/my_bots/src/install/bumperbot_description/share/bumperbot_description/environment/ament_prefix_path.dsv
-- Installing: /home/sushant-ros/my_bots/src/install/bumperbot_description/share/bumperbot_description/environment/path.sh
-- Installing: /home/sushant-ros/my_bots/src/install/bumperbot_description/share/bumperbot_description/environment/path.dsv
-- Installing: /home/sushant-ros/my_bots/src/install/bumperbot_description/share/bumperbot_description/local_setup.bash
-- Installing: /home/sushant-ros/my_bots/src/install/bumperbot_description/share/bumperbot_description/local_setup.sh
-- Installing: /home/sushant-ros/my_bots/src/install/bumperbot_description/share/bumperbot_description/local_setup.zsh
-- Installing: /home/sushant-ros/my_bots/src/install/bumperbot_description/share/bumperbot_description/local_setup.dsv
-- Installing: /home/sushant-ros/my_bots/src/install/bumperbot_description/share/bumperbot_description/package.dsv
-- Installing: /home/sushant-ros/my_bots/src/install/bumperbot_description/share/ament_index/resource_index/packages/bumperbot_description
-- Installing: /home/sushant-ros/my_bots/src/install/bumperbot_description/share/bumperbot_description/cmake/bumperbot_descriptionConfig.cmake
-- Installing: /home/sushant-ros/my_bots/src/install/bumperbot_description/share/bumperbot_description/cmake/bumperbot_descriptionConfig-version.cmake
-- Installing: /home/sushant-ros/my_bots/src/install/bumperbot_description/share/bumperbot_description/package.xml
