[0.440s] Invoking command in '/home/sushant-ros/my_bots/src/build/bumperbot_description': CMAKE_PREFIX_PATH=${CMAKE_PREFIX_PATH}:/home/sushant-ros/my_bots/install/bumperbot_examples_py:/home/sushant-ros/my_bots/install/agribot_description:/home/sushant-ros/Coding/ROS2_Learning/ROS2_Basics/ros2_ws/install/my_py_pkg:/opt/ros/jazzy DEBUGINFOD_URLS=https://debuginfod.ubuntu.com /usr/bin/cmake /home/sushant-ros/my_bots/src/bumperbot_description -DCMAKE_INSTALL_PREFIX=/home/sushant-ros/my_bots/src/install/bumperbot_description
[0.610s] -- The C compiler identification is GNU 13.3.0
[0.755s] -- The CXX compiler identification is GNU 13.3.0
[0.793s] -- Detecting C compiler ABI info
[1.026s] -- Detecting C compiler ABI info - done
[1.060s] -- Check for working C compiler: /usr/bin/cc - skipped
[1.061s] -- Detecting C compile features
[1.062s] -- Detecting C compile features - done
[1.091s] -- Detecting CXX compiler ABI info
[1.408s] -- Detecting CXX compiler ABI info - done
[1.444s] -- Check for working CXX compiler: /usr/bin/c++ - skipped
[1.445s] -- Detecting CXX compile features
[1.445s] -- Detecting CXX compile features - done
[1.457s] -- Found ament_cmake: 2.5.4 (/opt/ros/jazzy/share/ament_cmake/cmake)
[1.905s] -- Found Python3: /usr/bin/python3 (found version "3.12.3") found components: Interpreter 
[2.180s] -- Found rclcpp: 28.1.13 (/opt/ros/jazzy/share/rclcpp/cmake)
[2.370s] -- Found rosidl_generator_c: 4.6.6 (/opt/ros/jazzy/share/rosidl_generator_c/cmake)
[2.428s] -- Found rosidl_generator_cpp: 4.6.6 (/opt/ros/jazzy/share/rosidl_generator_cpp/cmake)
[2.506s] -- Using all available rosidl_typesupport_c: rosidl_typesupport_fastrtps_c;rosidl_typesupport_introspection_c
[2.592s] -- Using all available rosidl_typesupport_cpp: rosidl_typesupport_fastrtps_cpp;rosidl_typesupport_introspection_cpp
[2.915s] -- Found rmw_implementation_cmake: 7.3.2 (/opt/ros/jazzy/share/rmw_implementation_cmake/cmake)
[2.929s] -- Found rmw_fastrtps_cpp: 8.4.3 (/opt/ros/jazzy/share/rmw_fastrtps_cpp/cmake)
[3.152s] -- Found OpenSSL: /usr/lib/x86_64-linux-gnu/libcrypto.so (found version "3.0.13")  
[3.202s] -- Found FastRTPS: /opt/ros/jazzy/include (Required is at least version "2.13") 
[3.253s] -- Using RMW implementation 'rmw_fastrtps_cpp' as default
[3.619s] -- Configuring done (3.2s)
[3.622s] -- Generating done (0.0s)
[3.625s] -- Build files have been written to: /home/sushant-ros/my_bots/src/build/bumperbot_description
[3.639s] Invoked command in '/home/sushant-ros/my_bots/src/build/bumperbot_description' returned '0': CMAKE_PREFIX_PATH=${CMAKE_PREFIX_PATH}:/home/sushant-ros/my_bots/install/bumperbot_examples_py:/home/sushant-ros/my_bots/install/agribot_description:/home/sushant-ros/Coding/ROS2_Learning/ROS2_Basics/ros2_ws/install/my_py_pkg:/opt/ros/jazzy DEBUGINFOD_URLS=https://debuginfod.ubuntu.com /usr/bin/cmake /home/sushant-ros/my_bots/src/bumperbot_description -DCMAKE_INSTALL_PREFIX=/home/sushant-ros/my_bots/src/install/bumperbot_description
[3.641s] Invoking command in '/home/sushant-ros/my_bots/src/build/bumperbot_description': CMAKE_PREFIX_PATH=${CMAKE_PREFIX_PATH}:/home/sushant-ros/my_bots/install/bumperbot_examples_py:/home/sushant-ros/my_bots/install/agribot_description:/home/sushant-ros/Coding/ROS2_Learning/ROS2_Basics/ros2_ws/install/my_py_pkg:/opt/ros/jazzy DEBUGINFOD_URLS=https://debuginfod.ubuntu.com /usr/bin/cmake --build /home/sushant-ros/my_bots/src/build/bumperbot_description -- -j8 -l8
[3.725s] Invoked command in '/home/sushant-ros/my_bots/src/build/bumperbot_description' returned '0': CMAKE_PREFIX_PATH=${CMAKE_PREFIX_PATH}:/home/sushant-ros/my_bots/install/bumperbot_examples_py:/home/sushant-ros/my_bots/install/agribot_description:/home/sushant-ros/Coding/ROS2_Learning/ROS2_Basics/ros2_ws/install/my_py_pkg:/opt/ros/jazzy DEBUGINFOD_URLS=https://debuginfod.ubuntu.com /usr/bin/cmake --build /home/sushant-ros/my_bots/src/build/bumperbot_description -- -j8 -l8
[3.727s] Invoking command in '/home/sushant-ros/my_bots/src/build/bumperbot_description': CMAKE_PREFIX_PATH=${CMAKE_PREFIX_PATH}:/home/sushant-ros/my_bots/install/bumperbot_examples_py:/home/sushant-ros/my_bots/install/agribot_description:/home/sushant-ros/Coding/ROS2_Learning/ROS2_Basics/ros2_ws/install/my_py_pkg:/opt/ros/jazzy DEBUGINFOD_URLS=https://debuginfod.ubuntu.com /usr/bin/cmake --install /home/sushant-ros/my_bots/src/build/bumperbot_description
[3.742s] -- Install configuration: ""
[3.743s] -- Installing: /home/sushant-ros/my_bots/src/install/bumperbot_description/share/bumperbot_description/meshes
[3.743s] -- Installing: /home/sushant-ros/my_bots/src/install/bumperbot_description/share/bumperbot_description/meshes/wheel_left_link.STL
[3.750s] -- Installing: /home/sushant-ros/my_bots/src/install/bumperbot_description/share/bumperbot_description/meshes/imu_link.STL
[3.754s] -- Installing: /home/sushant-ros/my_bots/src/install/bumperbot_description/share/bumperbot_description/meshes/base_link.STL
[3.855s] -- Installing: /home/sushant-ros/my_bots/src/install/bumperbot_description/share/bumperbot_description/meshes/caster_front_link.STL
[3.862s] -- Installing: /home/sushant-ros/my_bots/src/install/bumperbot_description/share/bumperbot_description/meshes/wheel_right_link.STL
[3.871s] -- Installing: /home/sushant-ros/my_bots/src/install/bumperbot_description/share/bumperbot_description/meshes/caster_rear_link.STL
[3.888s] -- Installing: /home/sushant-ros/my_bots/src/install/bumperbot_description/share/bumperbot_description/urdf
[3.889s] -- Installing: /home/sushant-ros/my_bots/src/install/bumperbot_description/share/bumperbot_description/urdf/bumperbot_gazebo.xacro
[3.889s] -- Installing: /home/sushant-ros/my_bots/src/install/bumperbot_description/share/bumperbot_description/urdf/bumperbot.urdf.xacro
[3.891s] -- Installing: /home/sushant-ros/my_bots/src/install/bumperbot_description/share/bumperbot_description/urdf/bumperbot_ros2_control.xacro
[3.894s] -- Installing: /home/sushant-ros/my_bots/src/install/bumperbot_description/share/bumperbot_description/launch
[3.895s] -- Installing: /home/sushant-ros/my_bots/src/install/bumperbot_description/share/bumperbot_description/launch/gazebo.launch.py
[3.896s] -- Installing: /home/sushant-ros/my_bots/src/install/bumperbot_description/share/bumperbot_description/launch/display.launch.py
[3.897s] -- Installing: /home/sushant-ros/my_bots/src/install/bumperbot_description/share/bumperbot_description/config
[3.897s] -- Installing: /home/sushant-ros/my_bots/src/install/bumperbot_description/share/bumperbot_description/config/display.rviz
[3.897s] -- Installing: /home/sushant-ros/my_bots/src/install/bumperbot_description/share/ament_index/resource_index/package_run_dependencies/bumperbot_description
[3.898s] -- Installing: /home/sushant-ros/my_bots/src/install/bumperbot_description/share/ament_index/resource_index/parent_prefix_path/bumperbot_description
[3.899s] -- Installing: /home/sushant-ros/my_bots/src/install/bumperbot_description/share/bumperbot_description/environment/ament_prefix_path.sh
[3.899s] -- Installing: /home/sushant-ros/my_bots/src/install/bumperbot_description/share/bumperbot_description/environment/ament_prefix_path.dsv
[3.899s] -- Installing: /home/sushant-ros/my_bots/src/install/bumperbot_description/share/bumperbot_description/environment/path.sh
[3.900s] -- Installing: /home/sushant-ros/my_bots/src/install/bumperbot_description/share/bumperbot_description/environment/path.dsv
[3.900s] -- Installing: /home/sushant-ros/my_bots/src/install/bumperbot_description/share/bumperbot_description/local_setup.bash
[3.902s] -- Installing: /home/sushant-ros/my_bots/src/install/bumperbot_description/share/bumperbot_description/local_setup.sh
[3.902s] -- Installing: /home/sushant-ros/my_bots/src/install/bumperbot_description/share/bumperbot_description/local_setup.zsh
[3.903s] -- Installing: /home/sushant-ros/my_bots/src/install/bumperbot_description/share/bumperbot_description/local_setup.dsv
[3.903s] -- Installing: /home/sushant-ros/my_bots/src/install/bumperbot_description/share/bumperbot_description/package.dsv
[3.904s] -- Installing: /home/sushant-ros/my_bots/src/install/bumperbot_description/share/ament_index/resource_index/packages/bumperbot_description
[3.904s] -- Installing: /home/sushant-ros/my_bots/src/install/bumperbot_description/share/bumperbot_description/cmake/bumperbot_descriptionConfig.cmake
[3.904s] -- Installing: /home/sushant-ros/my_bots/src/install/bumperbot_description/share/bumperbot_description/cmake/bumperbot_descriptionConfig-version.cmake
[3.905s] -- Installing: /home/sushant-ros/my_bots/src/install/bumperbot_description/share/bumperbot_description/package.xml
[3.911s] Invoked command in '/home/sushant-ros/my_bots/src/build/bumperbot_description' returned '0': CMAKE_PREFIX_PATH=${CMAKE_PREFIX_PATH}:/home/sushant-ros/my_bots/install/bumperbot_examples_py:/home/sushant-ros/my_bots/install/agribot_description:/home/sushant-ros/Coding/ROS2_Learning/ROS2_Basics/ros2_ws/install/my_py_pkg:/opt/ros/jazzy DEBUGINFOD_URLS=https://debuginfod.ubuntu.com /usr/bin/cmake --install /home/sushant-ros/my_bots/src/build/bumperbot_description
