[0.437s] Invoking command in '/home/sushant-ros/my_bots/src/build/bumperbot_examples_cpp': CMAKE_PREFIX_PATH=${CMAKE_PREFIX_PATH}:/home/sushant-ros/my_bots/install/bumperbot_examples_py:/home/sushant-ros/my_bots/install/agribot_description:/home/sushant-ros/Coding/ROS2_Learning/ROS2_Basics/ros2_ws/install/my_py_pkg:/opt/ros/jazzy DEBUGINFOD_URLS=https://debuginfod.ubuntu.com /usr/bin/cmake /home/sushant-ros/my_bots/src/bumperbot_examples_cpp -DCMAKE_INSTALL_PREFIX=/home/sushant-ros/my_bots/src/install/bumperbot_examples_cpp
[0.594s] -- The C compiler identification is GNU 13.3.0
[0.737s] -- The CXX compiler identification is GNU 13.3.0
[0.779s] -- Detecting C compiler ABI info
[1.012s] -- Detecting C compiler ABI info - done
[1.043s] -- Check for working C compiler: /usr/bin/cc - skipped
[1.044s] -- Detecting C compile features
[1.045s] -- Detecting C compile features - done
[1.070s] -- Detecting CXX compiler ABI info
[1.394s] -- Detecting CXX compiler ABI info - done
[1.424s] -- Check for working CXX compiler: /usr/bin/c++ - skipped
[1.426s] -- Detecting CXX compile features
[1.426s] -- Detecting CXX compile features - done
[1.447s] -- Found ament_cmake: 2.5.4 (/opt/ros/jazzy/share/ament_cmake/cmake)
[1.925s] -- Found Python3: /usr/bin/python3 (found version "3.12.3") found components: Interpreter 
[2.229s] -- Found rclcpp: 28.1.13 (/opt/ros/jazzy/share/rclcpp/cmake)
[2.364s] -- Found rosidl_generator_c: 4.6.6 (/opt/ros/jazzy/share/rosidl_generator_c/cmake)
[2.421s] -- Found rosidl_generator_cpp: 4.6.6 (/opt/ros/jazzy/share/rosidl_generator_cpp/cmake)
[2.500s] -- Using all available rosidl_typesupport_c: rosidl_typesupport_fastrtps_c;rosidl_typesupport_introspection_c
[2.586s] -- Using all available rosidl_typesupport_cpp: rosidl_typesupport_fastrtps_cpp;rosidl_typesupport_introspection_cpp
[2.908s] -- Found rmw_implementation_cmake: 7.3.2 (/opt/ros/jazzy/share/rmw_implementation_cmake/cmake)
[2.923s] -- Found rmw_fastrtps_cpp: 8.4.3 (/opt/ros/jazzy/share/rmw_fastrtps_cpp/cmake)
[3.146s] -- Found OpenSSL: /usr/lib/x86_64-linux-gnu/libcrypto.so (found version "3.0.13")  
[3.186s] -- Found FastRTPS: /opt/ros/jazzy/include (Required is at least version "2.13") 
[3.231s] -- Using RMW implementation 'rmw_fastrtps_cpp' as default
[3.412s] -- Found ament_lint_auto: 0.17.3 (/opt/ros/jazzy/share/ament_lint_auto/cmake)
[3.669s] -- Added test 'cppcheck' to perform static code analysis on C / C++ code
[3.670s] -- Configured cppcheck include dirs: 
[3.670s] -- Configured cppcheck exclude dirs and/or files: 
[3.673s] -- Added test 'lint_cmake' to check CMake code style
[3.678s] -- Added test 'uncrustify' to check C / C++ code style
[3.678s] -- Configured uncrustify additional arguments: 
[3.682s] -- Added test 'xmllint' to check XML markup files
[3.686s] -- Configuring done (3.2s)
[3.708s] -- Generating done (0.0s)
[3.716s] -- Build files have been written to: /home/sushant-ros/my_bots/src/build/bumperbot_examples_cpp
[3.733s] Invoked command in '/home/sushant-ros/my_bots/src/build/bumperbot_examples_cpp' returned '0': CMAKE_PREFIX_PATH=${CMAKE_PREFIX_PATH}:/home/sushant-ros/my_bots/install/bumperbot_examples_py:/home/sushant-ros/my_bots/install/agribot_description:/home/sushant-ros/Coding/ROS2_Learning/ROS2_Basics/ros2_ws/install/my_py_pkg:/opt/ros/jazzy DEBUGINFOD_URLS=https://debuginfod.ubuntu.com /usr/bin/cmake /home/sushant-ros/my_bots/src/bumperbot_examples_cpp -DCMAKE_INSTALL_PREFIX=/home/sushant-ros/my_bots/src/install/bumperbot_examples_cpp
[3.735s] Invoking command in '/home/sushant-ros/my_bots/src/build/bumperbot_examples_cpp': CMAKE_PREFIX_PATH=${CMAKE_PREFIX_PATH}:/home/sushant-ros/my_bots/install/bumperbot_examples_py:/home/sushant-ros/my_bots/install/agribot_description:/home/sushant-ros/Coding/ROS2_Learning/ROS2_Basics/ros2_ws/install/my_py_pkg:/opt/ros/jazzy DEBUGINFOD_URLS=https://debuginfod.ubuntu.com /usr/bin/cmake --build /home/sushant-ros/my_bots/src/build/bumperbot_examples_cpp -- -j8 -l8
[3.814s] [ 50%] [32mBuilding CXX object CMakeFiles/simple_parameter.dir/src/simple_parameter.cpp.o[0m
[8.432s] [100%] [32m[1mLinking CXX executable simple_parameter[0m
[8.669s] [100%] Built target simple_parameter
[8.688s] Invoked command in '/home/sushant-ros/my_bots/src/build/bumperbot_examples_cpp' returned '0': CMAKE_PREFIX_PATH=${CMAKE_PREFIX_PATH}:/home/sushant-ros/my_bots/install/bumperbot_examples_py:/home/sushant-ros/my_bots/install/agribot_description:/home/sushant-ros/Coding/ROS2_Learning/ROS2_Basics/ros2_ws/install/my_py_pkg:/opt/ros/jazzy DEBUGINFOD_URLS=https://debuginfod.ubuntu.com /usr/bin/cmake --build /home/sushant-ros/my_bots/src/build/bumperbot_examples_cpp -- -j8 -l8
[8.690s] Invoking command in '/home/sushant-ros/my_bots/src/build/bumperbot_examples_cpp': CMAKE_PREFIX_PATH=${CMAKE_PREFIX_PATH}:/home/sushant-ros/my_bots/install/bumperbot_examples_py:/home/sushant-ros/my_bots/install/agribot_description:/home/sushant-ros/Coding/ROS2_Learning/ROS2_Basics/ros2_ws/install/my_py_pkg:/opt/ros/jazzy DEBUGINFOD_URLS=https://debuginfod.ubuntu.com /usr/bin/cmake --install /home/sushant-ros/my_bots/src/build/bumperbot_examples_cpp
[8.704s] -- Install configuration: ""
[8.704s] -- Installing: /home/sushant-ros/my_bots/src/install/bumperbot_examples_cpp/lib/bumperbot_examples_cpp/simple_parameter
[8.705s] -- Set non-toolchain portion of runtime path of "/home/sushant-ros/my_bots/src/install/bumperbot_examples_cpp/lib/bumperbot_examples_cpp/simple_parameter" to ""
[8.705s] -- Installing: /home/sushant-ros/my_bots/src/install/bumperbot_examples_cpp/share/ament_index/resource_index/package_run_dependencies/bumperbot_examples_cpp
[8.706s] -- Installing: /home/sushant-ros/my_bots/src/install/bumperbot_examples_cpp/share/ament_index/resource_index/parent_prefix_path/bumperbot_examples_cpp
[8.707s] -- Installing: /home/sushant-ros/my_bots/src/install/bumperbot_examples_cpp/share/bumperbot_examples_cpp/environment/ament_prefix_path.sh
[8.707s] -- Installing: /home/sushant-ros/my_bots/src/install/bumperbot_examples_cpp/share/bumperbot_examples_cpp/environment/ament_prefix_path.dsv
[8.707s] -- Installing: /home/sushant-ros/my_bots/src/install/bumperbot_examples_cpp/share/bumperbot_examples_cpp/environment/path.sh
[8.708s] -- Installing: /home/sushant-ros/my_bots/src/install/bumperbot_examples_cpp/share/bumperbot_examples_cpp/environment/path.dsv
[8.708s] -- Installing: /home/sushant-ros/my_bots/src/install/bumperbot_examples_cpp/share/bumperbot_examples_cpp/local_setup.bash
[8.709s] -- Installing: /home/sushant-ros/my_bots/src/install/bumperbot_examples_cpp/share/bumperbot_examples_cpp/local_setup.sh
[8.709s] -- Installing: /home/sushant-ros/my_bots/src/install/bumperbot_examples_cpp/share/bumperbot_examples_cpp/local_setup.zsh
[8.709s] -- Installing: /home/sushant-ros/my_bots/src/install/bumperbot_examples_cpp/share/bumperbot_examples_cpp/local_setup.dsv
[8.710s] -- Installing: /home/sushant-ros/my_bots/src/install/bumperbot_examples_cpp/share/bumperbot_examples_cpp/package.dsv
[8.710s] -- Installing: /home/sushant-ros/my_bots/src/install/bumperbot_examples_cpp/share/ament_index/resource_index/packages/bumperbot_examples_cpp
[8.710s] -- Installing: /home/sushant-ros/my_bots/src/install/bumperbot_examples_cpp/share/bumperbot_examples_cpp/cmake/bumperbot_examples_cppConfig.cmake
[8.711s] -- Installing: /home/sushant-ros/my_bots/src/install/bumperbot_examples_cpp/share/bumperbot_examples_cpp/cmake/bumperbot_examples_cppConfig-version.cmake
[8.711s] -- Installing: /home/sushant-ros/my_bots/src/install/bumperbot_examples_cpp/share/bumperbot_examples_cpp/package.xml
[8.715s] Invoked command in '/home/sushant-ros/my_bots/src/build/bumperbot_examples_cpp' returned '0': CMAKE_PREFIX_PATH=${CMAKE_PREFIX_PATH}:/home/sushant-ros/my_bots/install/bumperbot_examples_py:/home/sushant-ros/my_bots/install/agribot_description:/home/sushant-ros/Coding/ROS2_Learning/ROS2_Basics/ros2_ws/install/my_py_pkg:/opt/ros/jazzy DEBUGINFOD_URLS=https://debuginfod.ubuntu.com /usr/bin/cmake --install /home/sushant-ros/my_bots/src/build/bumperbot_examples_cpp
