[0.191s] DEBUG:colcon:Command line arguments: ['/usr/bin/colcon', 'build']
[0.191s] DEBUG:colcon:Parsed command line arguments: Namespace(log_base=None, log_level=None, verb_name='build', build_base='build', install_base='install', merge_install=False, symlink_install=False, test_result_base=None, continue_on_error=False, executor='parallel', parallel_workers=8, event_handlers=None, ignore_user_meta=False, metas=['./colcon.meta'], base_paths=['.'], packages_ignore=None, packages_ignore_regex=None, paths=None, packages_up_to=None, packages_up_to_regex=None, packages_above=None, packages_above_and_dependencies=None, packages_above_depth=None, packages_select_by_dep=None, packages_skip_by_dep=None, packages_skip_up_to=None, packages_select_build_failed=False, packages_skip_build_finished=False, packages_select_test_failures=False, packages_skip_test_passed=False, packages_select=None, packages_skip=None, packages_select_regex=None, packages_skip_regex=None, packages_start=None, packages_end=None, allow_overriding=[], cmake_args=None, cmake_target=None, cmake_target_skip_unavailable=False, cmake_clean_cache=False, cmake_clean_first=False, cmake_force_configure=False, ament_cmake_args=None, catkin_cmake_args=None, catkin_skip_building_tests=False, mixin_files=None, mixin=None, verb_parser=<colcon_mixin.mixin.mixin_argument.MixinArgumentDecorator object at 0x7550f86925a0>, verb_extension=<colcon_core.verb.build.BuildVerb object at 0x7550f8692210>, main=<bound method BuildVerb.main of <colcon_core.verb.build.BuildVerb object at 0x7550f8692210>>, mixin_verb=('build',))
[0.242s] Level 1:colcon.colcon_core.package_discovery:discover_packages(colcon_meta) check parameters
[0.243s] Level 1:colcon.colcon_core.package_discovery:discover_packages(recursive) check parameters
[0.243s] Level 1:colcon.colcon_core.package_discovery:discover_packages(ignore) check parameters
[0.243s] Level 1:colcon.colcon_core.package_discovery:discover_packages(path) check parameters
[0.243s] Level 1:colcon.colcon_core.package_discovery:discover_packages(colcon_meta) discover
[0.243s] Level 1:colcon.colcon_core.package_discovery:discover_packages(recursive) discover
[0.243s] INFO:colcon.colcon_core.package_discovery:Crawling recursively for packages in '/home/sushant-ros/my_bots/src'
[0.243s] Level 1:colcon.colcon_core.package_identification:_identify(.) by extensions ['ignore', 'ignore_ament_install']
[0.243s] Level 1:colcon.colcon_core.package_identification:_identify(.) by extension 'ignore'
[0.243s] Level 1:colcon.colcon_core.package_identification:_identify(.) by extension 'ignore_ament_install'
[0.243s] Level 1:colcon.colcon_core.package_identification:_identify(.) by extensions ['colcon_pkg']
[0.243s] Level 1:colcon.colcon_core.package_identification:_identify(.) by extension 'colcon_pkg'
[0.243s] Level 1:colcon.colcon_core.package_identification:_identify(.) by extensions ['colcon_meta']
[0.243s] Level 1:colcon.colcon_core.package_identification:_identify(.) by extension 'colcon_meta'
[0.243s] Level 1:colcon.colcon_core.package_identification:_identify(.) by extensions ['ros']
[0.243s] Level 1:colcon.colcon_core.package_identification:_identify(.) by extension 'ros'
[0.275s] Level 1:colcon.colcon_core.package_identification:_identify(.) by extensions ['cmake', 'python']
[0.275s] Level 1:colcon.colcon_core.package_identification:_identify(.) by extension 'cmake'
[0.275s] Level 1:colcon.colcon_core.package_identification:_identify(.) by extension 'python'
[0.275s] Level 1:colcon.colcon_core.package_identification:_identify(.) by extensions ['python_setup_py']
[0.275s] Level 1:colcon.colcon_core.package_identification:_identify(.) by extension 'python_setup_py'
[0.275s] Level 1:colcon.colcon_core.package_identification:_identify(agribot_controller) by extensions ['ignore', 'ignore_ament_install']
[0.275s] Level 1:colcon.colcon_core.package_identification:_identify(agribot_controller) by extension 'ignore'
[0.275s] Level 1:colcon.colcon_core.package_identification:_identify(agribot_controller) by extension 'ignore_ament_install'
[0.275s] Level 1:colcon.colcon_core.package_identification:_identify(agribot_controller) by extensions ['colcon_pkg']
[0.275s] Level 1:colcon.colcon_core.package_identification:_identify(agribot_controller) by extension 'colcon_pkg'
[0.275s] Level 1:colcon.colcon_core.package_identification:_identify(agribot_controller) by extensions ['colcon_meta']
[0.275s] Level 1:colcon.colcon_core.package_identification:_identify(agribot_controller) by extension 'colcon_meta'
[0.275s] Level 1:colcon.colcon_core.package_identification:_identify(agribot_controller) by extensions ['ros']
[0.275s] Level 1:colcon.colcon_core.package_identification:_identify(agribot_controller) by extension 'ros'
[0.278s] DEBUG:colcon.colcon_core.package_identification:Package 'agribot_controller' with type 'ros.ament_cmake' and name 'agribot_controller'
[0.279s] Level 1:colcon.colcon_core.package_identification:_identify(agribot_description) by extensions ['ignore', 'ignore_ament_install']
[0.279s] Level 1:colcon.colcon_core.package_identification:_identify(agribot_description) by extension 'ignore'
[0.279s] Level 1:colcon.colcon_core.package_identification:_identify(agribot_description) by extension 'ignore_ament_install'
[0.279s] Level 1:colcon.colcon_core.package_identification:_identify(agribot_description) by extensions ['colcon_pkg']
[0.279s] Level 1:colcon.colcon_core.package_identification:_identify(agribot_description) by extension 'colcon_pkg'
[0.279s] Level 1:colcon.colcon_core.package_identification:_identify(agribot_description) by extensions ['colcon_meta']
[0.279s] Level 1:colcon.colcon_core.package_identification:_identify(agribot_description) by extension 'colcon_meta'
[0.279s] Level 1:colcon.colcon_core.package_identification:_identify(agribot_description) by extensions ['ros']
[0.279s] Level 1:colcon.colcon_core.package_identification:_identify(agribot_description) by extension 'ros'
[0.280s] DEBUG:colcon.colcon_core.package_identification:Package 'agribot_description' with type 'ros.ament_python' and name 'agribot_description'
[0.280s] Level 1:colcon.colcon_core.package_identification:_identify(build) by extensions ['ignore', 'ignore_ament_install']
[0.280s] Level 1:colcon.colcon_core.package_identification:_identify(build) by extension 'ignore'
[0.280s] Level 1:colcon.colcon_core.package_identification:_identify(build) ignored
[0.280s] Level 1:colcon.colcon_core.package_identification:_identify(bumperbot_controller) by extensions ['ignore', 'ignore_ament_install']
[0.281s] Level 1:colcon.colcon_core.package_identification:_identify(bumperbot_controller) by extension 'ignore'
[0.281s] Level 1:colcon.colcon_core.package_identification:_identify(bumperbot_controller) by extension 'ignore_ament_install'
[0.281s] Level 1:colcon.colcon_core.package_identification:_identify(bumperbot_controller) by extensions ['colcon_pkg']
[0.281s] Level 1:colcon.colcon_core.package_identification:_identify(bumperbot_controller) by extension 'colcon_pkg'
[0.281s] Level 1:colcon.colcon_core.package_identification:_identify(bumperbot_controller) by extensions ['colcon_meta']
[0.281s] Level 1:colcon.colcon_core.package_identification:_identify(bumperbot_controller) by extension 'colcon_meta'
[0.281s] Level 1:colcon.colcon_core.package_identification:_identify(bumperbot_controller) by extensions ['ros']
[0.281s] Level 1:colcon.colcon_core.package_identification:_identify(bumperbot_controller) by extension 'ros'
[0.282s] DEBUG:colcon.colcon_core.package_identification:Package 'bumperbot_controller' with type 'ros.ament_cmake' and name 'bumperbot_controller'
[0.282s] Level 1:colcon.colcon_core.package_identification:_identify(bumperbot_description) by extensions ['ignore', 'ignore_ament_install']
[0.282s] Level 1:colcon.colcon_core.package_identification:_identify(bumperbot_description) by extension 'ignore'
[0.282s] Level 1:colcon.colcon_core.package_identification:_identify(bumperbot_description) by extension 'ignore_ament_install'
[0.282s] Level 1:colcon.colcon_core.package_identification:_identify(bumperbot_description) by extensions ['colcon_pkg']
[0.282s] Level 1:colcon.colcon_core.package_identification:_identify(bumperbot_description) by extension 'colcon_pkg'
[0.282s] Level 1:colcon.colcon_core.package_identification:_identify(bumperbot_description) by extensions ['colcon_meta']
[0.282s] Level 1:colcon.colcon_core.package_identification:_identify(bumperbot_description) by extension 'colcon_meta'
[0.282s] Level 1:colcon.colcon_core.package_identification:_identify(bumperbot_description) by extensions ['ros']
[0.282s] Level 1:colcon.colcon_core.package_identification:_identify(bumperbot_description) by extension 'ros'
[0.283s] DEBUG:colcon.colcon_core.package_identification:Package 'bumperbot_description' with type 'ros.ament_cmake' and name 'bumperbot_description'
[0.283s] Level 1:colcon.colcon_core.package_identification:_identify(bumperbot_examples_cpp) by extensions ['ignore', 'ignore_ament_install']
[0.284s] Level 1:colcon.colcon_core.package_identification:_identify(bumperbot_examples_cpp) by extension 'ignore'
[0.284s] Level 1:colcon.colcon_core.package_identification:_identify(bumperbot_examples_cpp) by extension 'ignore_ament_install'
[0.284s] Level 1:colcon.colcon_core.package_identification:_identify(bumperbot_examples_cpp) by extensions ['colcon_pkg']
[0.284s] Level 1:colcon.colcon_core.package_identification:_identify(bumperbot_examples_cpp) by extension 'colcon_pkg'
[0.284s] Level 1:colcon.colcon_core.package_identification:_identify(bumperbot_examples_cpp) by extensions ['colcon_meta']
[0.284s] Level 1:colcon.colcon_core.package_identification:_identify(bumperbot_examples_cpp) by extension 'colcon_meta'
[0.284s] Level 1:colcon.colcon_core.package_identification:_identify(bumperbot_examples_cpp) by extensions ['ros']
[0.284s] Level 1:colcon.colcon_core.package_identification:_identify(bumperbot_examples_cpp) by extension 'ros'
[0.285s] DEBUG:colcon.colcon_core.package_identification:Package 'bumperbot_examples_cpp' with type 'ros.ament_cmake' and name 'bumperbot_examples_cpp'
[0.285s] Level 1:colcon.colcon_core.package_identification:_identify(bumperbot_examples_py) by extensions ['ignore', 'ignore_ament_install']
[0.285s] Level 1:colcon.colcon_core.package_identification:_identify(bumperbot_examples_py) by extension 'ignore'
[0.285s] Level 1:colcon.colcon_core.package_identification:_identify(bumperbot_examples_py) by extension 'ignore_ament_install'
[0.285s] Level 1:colcon.colcon_core.package_identification:_identify(bumperbot_examples_py) by extensions ['colcon_pkg']
[0.285s] Level 1:colcon.colcon_core.package_identification:_identify(bumperbot_examples_py) by extension 'colcon_pkg'
[0.285s] Level 1:colcon.colcon_core.package_identification:_identify(bumperbot_examples_py) by extensions ['colcon_meta']
[0.285s] Level 1:colcon.colcon_core.package_identification:_identify(bumperbot_examples_py) by extension 'colcon_meta'
[0.285s] Level 1:colcon.colcon_core.package_identification:_identify(bumperbot_examples_py) by extensions ['ros']
[0.285s] Level 1:colcon.colcon_core.package_identification:_identify(bumperbot_examples_py) by extension 'ros'
[0.286s] DEBUG:colcon.colcon_core.package_identification:Package 'bumperbot_examples_py' with type 'ros.ament_python' and name 'bumperbot_examples_py'
[0.286s] Level 1:colcon.colcon_core.package_identification:_identify(install) by extensions ['ignore', 'ignore_ament_install']
[0.287s] Level 1:colcon.colcon_core.package_identification:_identify(install) by extension 'ignore'
[0.287s] Level 1:colcon.colcon_core.package_identification:_identify(install) ignored
[0.287s] Level 1:colcon.colcon_core.package_identification:_identify(log) by extensions ['ignore', 'ignore_ament_install']
[0.287s] Level 1:colcon.colcon_core.package_identification:_identify(log) by extension 'ignore'
[0.287s] Level 1:colcon.colcon_core.package_identification:_identify(log) ignored
[0.287s] Level 1:colcon.colcon_core.package_discovery:discover_packages(recursive) using defaults
[0.287s] Level 1:colcon.colcon_core.package_discovery:discover_packages(ignore) discover
[0.287s] Level 1:colcon.colcon_core.package_discovery:discover_packages(ignore) using defaults
[0.287s] Level 1:colcon.colcon_core.package_discovery:discover_packages(path) discover
[0.287s] Level 1:colcon.colcon_core.package_discovery:discover_packages(path) using defaults
[0.319s] Level 1:colcon.colcon_core.package_discovery:discover_packages(prefix_path) check parameters
[0.319s] Level 1:colcon.colcon_core.package_discovery:discover_packages(prefix_path) discover
[0.323s] DEBUG:colcon.colcon_installed_package_information.package_discovery:Found 6 installed packages in /home/sushant-ros/my_bots/install
[0.324s] DEBUG:colcon.colcon_installed_package_information.package_discovery:Found 2 installed packages in /home/sushant-ros/ros2_ws/install
[0.324s] DEBUG:colcon.colcon_installed_package_information.package_discovery:Found 4 installed packages in /home/sushant-ros/Coding/ROS2_Learning/ROS2_Basics/ros2_ws/install
[0.327s] DEBUG:colcon.colcon_installed_package_information.package_discovery:Found 432 installed packages in /opt/ros/jazzy
[0.329s] Level 1:colcon.colcon_core.package_discovery:discover_packages(prefix_path) using defaults
[0.409s] Level 5:colcon.colcon_core.verb:set package 'agribot_controller' build argument 'cmake_args' from command line to 'None'
[0.409s] Level 5:colcon.colcon_core.verb:set package 'agribot_controller' build argument 'cmake_target' from command line to 'None'
[0.409s] Level 5:colcon.colcon_core.verb:set package 'agribot_controller' build argument 'cmake_target_skip_unavailable' from command line to 'False'
[0.409s] Level 5:colcon.colcon_core.verb:set package 'agribot_controller' build argument 'cmake_clean_cache' from command line to 'False'
[0.409s] Level 5:colcon.colcon_core.verb:set package 'agribot_controller' build argument 'cmake_clean_first' from command line to 'False'
[0.409s] Level 5:colcon.colcon_core.verb:set package 'agribot_controller' build argument 'cmake_force_configure' from command line to 'False'
[0.409s] Level 5:colcon.colcon_core.verb:set package 'agribot_controller' build argument 'ament_cmake_args' from command line to 'None'
[0.409s] Level 5:colcon.colcon_core.verb:set package 'agribot_controller' build argument 'catkin_cmake_args' from command line to 'None'
[0.409s] Level 5:colcon.colcon_core.verb:set package 'agribot_controller' build argument 'catkin_skip_building_tests' from command line to 'False'
[0.409s] DEBUG:colcon.colcon_core.verb:Building package 'agribot_controller' with the following arguments: {'ament_cmake_args': None, 'build_base': '/home/sushant-ros/my_bots/src/build/agribot_controller', 'catkin_cmake_args': None, 'catkin_skip_building_tests': False, 'cmake_args': None, 'cmake_clean_cache': False, 'cmake_clean_first': False, 'cmake_force_configure': False, 'cmake_target': None, 'cmake_target_skip_unavailable': False, 'install_base': '/home/sushant-ros/my_bots/src/install/agribot_controller', 'merge_install': False, 'path': '/home/sushant-ros/my_bots/src/agribot_controller', 'symlink_install': False, 'test_result_base': None}
[0.410s] Level 5:colcon.colcon_core.verb:set package 'agribot_description' build argument 'cmake_args' from command line to 'None'
[0.410s] Level 5:colcon.colcon_core.verb:set package 'agribot_description' build argument 'cmake_target' from command line to 'None'
[0.410s] Level 5:colcon.colcon_core.verb:set package 'agribot_description' build argument 'cmake_target_skip_unavailable' from command line to 'False'
[0.410s] Level 5:colcon.colcon_core.verb:set package 'agribot_description' build argument 'cmake_clean_cache' from command line to 'False'
[0.410s] Level 5:colcon.colcon_core.verb:set package 'agribot_description' build argument 'cmake_clean_first' from command line to 'False'
[0.410s] Level 5:colcon.colcon_core.verb:set package 'agribot_description' build argument 'cmake_force_configure' from command line to 'False'
[0.410s] Level 5:colcon.colcon_core.verb:set package 'agribot_description' build argument 'ament_cmake_args' from command line to 'None'
[0.410s] Level 5:colcon.colcon_core.verb:set package 'agribot_description' build argument 'catkin_cmake_args' from command line to 'None'
[0.410s] Level 5:colcon.colcon_core.verb:set package 'agribot_description' build argument 'catkin_skip_building_tests' from command line to 'False'
[0.410s] DEBUG:colcon.colcon_core.verb:Building package 'agribot_description' with the following arguments: {'ament_cmake_args': None, 'build_base': '/home/sushant-ros/my_bots/src/build/agribot_description', 'catkin_cmake_args': None, 'catkin_skip_building_tests': False, 'cmake_args': None, 'cmake_clean_cache': False, 'cmake_clean_first': False, 'cmake_force_configure': False, 'cmake_target': None, 'cmake_target_skip_unavailable': False, 'install_base': '/home/sushant-ros/my_bots/src/install/agribot_description', 'merge_install': False, 'path': '/home/sushant-ros/my_bots/src/agribot_description', 'symlink_install': False, 'test_result_base': None}
[0.410s] Level 5:colcon.colcon_core.verb:set package 'bumperbot_controller' build argument 'cmake_args' from command line to 'None'
[0.410s] Level 5:colcon.colcon_core.verb:set package 'bumperbot_controller' build argument 'cmake_target' from command line to 'None'
[0.410s] Level 5:colcon.colcon_core.verb:set package 'bumperbot_controller' build argument 'cmake_target_skip_unavailable' from command line to 'False'
[0.410s] Level 5:colcon.colcon_core.verb:set package 'bumperbot_controller' build argument 'cmake_clean_cache' from command line to 'False'
[0.410s] Level 5:colcon.colcon_core.verb:set package 'bumperbot_controller' build argument 'cmake_clean_first' from command line to 'False'
[0.410s] Level 5:colcon.colcon_core.verb:set package 'bumperbot_controller' build argument 'cmake_force_configure' from command line to 'False'
[0.410s] Level 5:colcon.colcon_core.verb:set package 'bumperbot_controller' build argument 'ament_cmake_args' from command line to 'None'
[0.410s] Level 5:colcon.colcon_core.verb:set package 'bumperbot_controller' build argument 'catkin_cmake_args' from command line to 'None'
[0.410s] Level 5:colcon.colcon_core.verb:set package 'bumperbot_controller' build argument 'catkin_skip_building_tests' from command line to 'False'
[0.410s] DEBUG:colcon.colcon_core.verb:Building package 'bumperbot_controller' with the following arguments: {'ament_cmake_args': None, 'build_base': '/home/sushant-ros/my_bots/src/build/bumperbot_controller', 'catkin_cmake_args': None, 'catkin_skip_building_tests': False, 'cmake_args': None, 'cmake_clean_cache': False, 'cmake_clean_first': False, 'cmake_force_configure': False, 'cmake_target': None, 'cmake_target_skip_unavailable': False, 'install_base': '/home/sushant-ros/my_bots/src/install/bumperbot_controller', 'merge_install': False, 'path': '/home/sushant-ros/my_bots/src/bumperbot_controller', 'symlink_install': False, 'test_result_base': None}
[0.411s] Level 5:colcon.colcon_core.verb:set package 'bumperbot_description' build argument 'cmake_args' from command line to 'None'
[0.411s] Level 5:colcon.colcon_core.verb:set package 'bumperbot_description' build argument 'cmake_target' from command line to 'None'
[0.411s] Level 5:colcon.colcon_core.verb:set package 'bumperbot_description' build argument 'cmake_target_skip_unavailable' from command line to 'False'
[0.411s] Level 5:colcon.colcon_core.verb:set package 'bumperbot_description' build argument 'cmake_clean_cache' from command line to 'False'
[0.411s] Level 5:colcon.colcon_core.verb:set package 'bumperbot_description' build argument 'cmake_clean_first' from command line to 'False'
[0.411s] Level 5:colcon.colcon_core.verb:set package 'bumperbot_description' build argument 'cmake_force_configure' from command line to 'False'
[0.411s] Level 5:colcon.colcon_core.verb:set package 'bumperbot_description' build argument 'ament_cmake_args' from command line to 'None'
[0.411s] Level 5:colcon.colcon_core.verb:set package 'bumperbot_description' build argument 'catkin_cmake_args' from command line to 'None'
[0.411s] Level 5:colcon.colcon_core.verb:set package 'bumperbot_description' build argument 'catkin_skip_building_tests' from command line to 'False'
[0.411s] DEBUG:colcon.colcon_core.verb:Building package 'bumperbot_description' with the following arguments: {'ament_cmake_args': None, 'build_base': '/home/sushant-ros/my_bots/src/build/bumperbot_description', 'catkin_cmake_args': None, 'catkin_skip_building_tests': False, 'cmake_args': None, 'cmake_clean_cache': False, 'cmake_clean_first': False, 'cmake_force_configure': False, 'cmake_target': None, 'cmake_target_skip_unavailable': False, 'install_base': '/home/sushant-ros/my_bots/src/install/bumperbot_description', 'merge_install': False, 'path': '/home/sushant-ros/my_bots/src/bumperbot_description', 'symlink_install': False, 'test_result_base': None}
[0.411s] Level 5:colcon.colcon_core.verb:set package 'bumperbot_examples_cpp' build argument 'cmake_args' from command line to 'None'
[0.411s] Level 5:colcon.colcon_core.verb:set package 'bumperbot_examples_cpp' build argument 'cmake_target' from command line to 'None'
[0.411s] Level 5:colcon.colcon_core.verb:set package 'bumperbot_examples_cpp' build argument 'cmake_target_skip_unavailable' from command line to 'False'
[0.411s] Level 5:colcon.colcon_core.verb:set package 'bumperbot_examples_cpp' build argument 'cmake_clean_cache' from command line to 'False'
[0.411s] Level 5:colcon.colcon_core.verb:set package 'bumperbot_examples_cpp' build argument 'cmake_clean_first' from command line to 'False'
[0.411s] Level 5:colcon.colcon_core.verb:set package 'bumperbot_examples_cpp' build argument 'cmake_force_configure' from command line to 'False'
[0.411s] Level 5:colcon.colcon_core.verb:set package 'bumperbot_examples_cpp' build argument 'ament_cmake_args' from command line to 'None'
[0.411s] Level 5:colcon.colcon_core.verb:set package 'bumperbot_examples_cpp' build argument 'catkin_cmake_args' from command line to 'None'
[0.411s] Level 5:colcon.colcon_core.verb:set package 'bumperbot_examples_cpp' build argument 'catkin_skip_building_tests' from command line to 'False'
[0.411s] DEBUG:colcon.colcon_core.verb:Building package 'bumperbot_examples_cpp' with the following arguments: {'ament_cmake_args': None, 'build_base': '/home/sushant-ros/my_bots/src/build/bumperbot_examples_cpp', 'catkin_cmake_args': None, 'catkin_skip_building_tests': False, 'cmake_args': None, 'cmake_clean_cache': False, 'cmake_clean_first': False, 'cmake_force_configure': False, 'cmake_target': None, 'cmake_target_skip_unavailable': False, 'install_base': '/home/sushant-ros/my_bots/src/install/bumperbot_examples_cpp', 'merge_install': False, 'path': '/home/sushant-ros/my_bots/src/bumperbot_examples_cpp', 'symlink_install': False, 'test_result_base': None}
[0.412s] Level 5:colcon.colcon_core.verb:set package 'bumperbot_examples_py' build argument 'cmake_args' from command line to 'None'
[0.412s] Level 5:colcon.colcon_core.verb:set package 'bumperbot_examples_py' build argument 'cmake_target' from command line to 'None'
[0.412s] Level 5:colcon.colcon_core.verb:set package 'bumperbot_examples_py' build argument 'cmake_target_skip_unavailable' from command line to 'False'
[0.412s] Level 5:colcon.colcon_core.verb:set package 'bumperbot_examples_py' build argument 'cmake_clean_cache' from command line to 'False'
[0.412s] Level 5:colcon.colcon_core.verb:set package 'bumperbot_examples_py' build argument 'cmake_clean_first' from command line to 'False'
[0.412s] Level 5:colcon.colcon_core.verb:set package 'bumperbot_examples_py' build argument 'cmake_force_configure' from command line to 'False'
[0.412s] Level 5:colcon.colcon_core.verb:set package 'bumperbot_examples_py' build argument 'ament_cmake_args' from command line to 'None'
[0.412s] Level 5:colcon.colcon_core.verb:set package 'bumperbot_examples_py' build argument 'catkin_cmake_args' from command line to 'None'
[0.412s] Level 5:colcon.colcon_core.verb:set package 'bumperbot_examples_py' build argument 'catkin_skip_building_tests' from command line to 'False'
[0.412s] DEBUG:colcon.colcon_core.verb:Building package 'bumperbot_examples_py' with the following arguments: {'ament_cmake_args': None, 'build_base': '/home/sushant-ros/my_bots/src/build/bumperbot_examples_py', 'catkin_cmake_args': None, 'catkin_skip_building_tests': False, 'cmake_args': None, 'cmake_clean_cache': False, 'cmake_clean_first': False, 'cmake_force_configure': False, 'cmake_target': None, 'cmake_target_skip_unavailable': False, 'install_base': '/home/sushant-ros/my_bots/src/install/bumperbot_examples_py', 'merge_install': False, 'path': '/home/sushant-ros/my_bots/src/bumperbot_examples_py', 'symlink_install': False, 'test_result_base': None}
[0.412s] INFO:colcon.colcon_core.executor:Executing jobs using 'parallel' executor
[0.413s] DEBUG:colcon.colcon_parallel_executor.executor.parallel:run_until_complete
[0.413s] INFO:colcon.colcon_ros.task.ament_cmake.build:Building ROS package in '/home/sushant-ros/my_bots/src/agribot_controller' with build type 'ament_cmake'
[0.414s] INFO:colcon.colcon_cmake.task.cmake.build:Building CMake package in '/home/sushant-ros/my_bots/src/agribot_controller'
[0.418s] INFO:colcon.colcon_core.plugin_system:Skipping extension 'colcon_core.shell.bat': Not used on non-Windows systems
[0.419s] INFO:colcon.colcon_core.shell:Skip shell extension 'powershell' for command environment: Not usable outside of PowerShell
[0.419s] DEBUG:colcon.colcon_core.shell:Skip shell extension 'dsv' for command environment
[0.427s] INFO:colcon.colcon_ros.task.ament_python.build:Building ROS package in '/home/sushant-ros/my_bots/src/agribot_description' with build type 'ament_python'
[0.427s] Level 1:colcon.colcon_core.shell:create_environment_hook('agribot_description', 'ament_prefix_path')
[0.427s] INFO:colcon.colcon_core.shell:Creating environment hook '/home/sushant-ros/my_bots/src/install/agribot_description/share/agribot_description/hook/ament_prefix_path.ps1'
[0.429s] INFO:colcon.colcon_core.shell:Creating environment descriptor '/home/sushant-ros/my_bots/src/install/agribot_description/share/agribot_description/hook/ament_prefix_path.dsv'
[0.429s] INFO:colcon.colcon_core.shell:Creating environment hook '/home/sushant-ros/my_bots/src/install/agribot_description/share/agribot_description/hook/ament_prefix_path.sh'
[0.430s] INFO:colcon.colcon_core.shell:Skip shell extension 'powershell' for command environment: Not usable outside of PowerShell
[0.430s] DEBUG:colcon.colcon_core.shell:Skip shell extension 'dsv' for command environment
[0.437s] INFO:colcon.colcon_ros.task.ament_cmake.build:Building ROS package in '/home/sushant-ros/my_bots/src/bumperbot_controller' with build type 'ament_cmake'
[0.437s] INFO:colcon.colcon_cmake.task.cmake.build:Building CMake package in '/home/sushant-ros/my_bots/src/bumperbot_controller'
[0.437s] INFO:colcon.colcon_core.shell:Skip shell extension 'powershell' for command environment: Not usable outside of PowerShell
[0.437s] DEBUG:colcon.colcon_core.shell:Skip shell extension 'dsv' for command environment
[0.447s] INFO:colcon.colcon_ros.task.ament_cmake.build:Building ROS package in '/home/sushant-ros/my_bots/src/bumperbot_description' with build type 'ament_cmake'
[0.447s] INFO:colcon.colcon_cmake.task.cmake.build:Building CMake package in '/home/sushant-ros/my_bots/src/bumperbot_description'
[0.448s] INFO:colcon.colcon_core.shell:Skip shell extension 'powershell' for command environment: Not usable outside of PowerShell
[0.448s] DEBUG:colcon.colcon_core.shell:Skip shell extension 'dsv' for command environment
[0.454s] INFO:colcon.colcon_ros.task.ament_cmake.build:Building ROS package in '/home/sushant-ros/my_bots/src/bumperbot_examples_cpp' with build type 'ament_cmake'
[0.454s] INFO:colcon.colcon_cmake.task.cmake.build:Building CMake package in '/home/sushant-ros/my_bots/src/bumperbot_examples_cpp'
[0.454s] INFO:colcon.colcon_core.shell:Skip shell extension 'powershell' for command environment: Not usable outside of PowerShell
[0.454s] DEBUG:colcon.colcon_core.shell:Skip shell extension 'dsv' for command environment
[0.461s] INFO:colcon.colcon_ros.task.ament_python.build:Building ROS package in '/home/sushant-ros/my_bots/src/bumperbot_examples_py' with build type 'ament_python'
[0.461s] Level 1:colcon.colcon_core.shell:create_environment_hook('bumperbot_examples_py', 'ament_prefix_path')
[0.462s] INFO:colcon.colcon_core.shell:Creating environment hook '/home/sushant-ros/my_bots/src/install/bumperbot_examples_py/share/bumperbot_examples_py/hook/ament_prefix_path.ps1'
[0.463s] INFO:colcon.colcon_core.shell:Creating environment descriptor '/home/sushant-ros/my_bots/src/install/bumperbot_examples_py/share/bumperbot_examples_py/hook/ament_prefix_path.dsv'
[0.464s] INFO:colcon.colcon_core.shell:Creating environment hook '/home/sushant-ros/my_bots/src/install/bumperbot_examples_py/share/bumperbot_examples_py/hook/ament_prefix_path.sh'
[0.464s] INFO:colcon.colcon_core.shell:Skip shell extension 'powershell' for command environment: Not usable outside of PowerShell
[0.465s] DEBUG:colcon.colcon_core.shell:Skip shell extension 'dsv' for command environment
[0.478s] DEBUG:colcon.colcon_core.event_handler.log_command:Invoking command in '/home/sushant-ros/my_bots/src/build/agribot_controller': CMAKE_PREFIX_PATH=${CMAKE_PREFIX_PATH}:/home/sushant-ros/my_bots/install/bumperbot_examples_py:/home/sushant-ros/my_bots/install/agribot_description:/home/sushant-ros/Coding/ROS2_Learning/ROS2_Basics/ros2_ws/install/my_py_pkg:/opt/ros/jazzy DEBUGINFOD_URLS=https://debuginfod.ubuntu.com /usr/bin/cmake /home/sushant-ros/my_bots/src/agribot_controller -DCMAKE_INSTALL_PREFIX=/home/sushant-ros/my_bots/src/install/agribot_controller
[0.866s] INFO:colcon.colcon_core.task.python.build:Building Python package in '/home/sushant-ros/my_bots/src/agribot_description'
[0.867s] INFO:colcon.colcon_core.shell:Skip shell extension 'powershell' for command environment: Not usable outside of PowerShell
[0.867s] DEBUG:colcon.colcon_core.shell:Skip shell extension 'dsv' for command environment
[0.884s] DEBUG:colcon.colcon_core.event_handler.log_command:Invoking command in '/home/sushant-ros/my_bots/src/build/bumperbot_controller': CMAKE_PREFIX_PATH=${CMAKE_PREFIX_PATH}:/home/sushant-ros/my_bots/install/bumperbot_examples_py:/home/sushant-ros/my_bots/install/agribot_description:/home/sushant-ros/Coding/ROS2_Learning/ROS2_Basics/ros2_ws/install/my_py_pkg:/opt/ros/jazzy DEBUGINFOD_URLS=https://debuginfod.ubuntu.com /usr/bin/cmake /home/sushant-ros/my_bots/src/bumperbot_controller -DCMAKE_INSTALL_PREFIX=/home/sushant-ros/my_bots/src/install/bumperbot_controller
[0.888s] DEBUG:colcon.colcon_core.event_handler.log_command:Invoking command in '/home/sushant-ros/my_bots/src/build/bumperbot_description': CMAKE_PREFIX_PATH=${CMAKE_PREFIX_PATH}:/home/sushant-ros/my_bots/install/bumperbot_examples_py:/home/sushant-ros/my_bots/install/agribot_description:/home/sushant-ros/Coding/ROS2_Learning/ROS2_Basics/ros2_ws/install/my_py_pkg:/opt/ros/jazzy DEBUGINFOD_URLS=https://debuginfod.ubuntu.com /usr/bin/cmake /home/sushant-ros/my_bots/src/bumperbot_description -DCMAKE_INSTALL_PREFIX=/home/sushant-ros/my_bots/src/install/bumperbot_description
[0.892s] DEBUG:colcon.colcon_core.event_handler.log_command:Invoking command in '/home/sushant-ros/my_bots/src/build/bumperbot_examples_cpp': CMAKE_PREFIX_PATH=${CMAKE_PREFIX_PATH}:/home/sushant-ros/my_bots/install/bumperbot_examples_py:/home/sushant-ros/my_bots/install/agribot_description:/home/sushant-ros/Coding/ROS2_Learning/ROS2_Basics/ros2_ws/install/my_py_pkg:/opt/ros/jazzy DEBUGINFOD_URLS=https://debuginfod.ubuntu.com /usr/bin/cmake /home/sushant-ros/my_bots/src/bumperbot_examples_cpp -DCMAKE_INSTALL_PREFIX=/home/sushant-ros/my_bots/src/install/bumperbot_examples_cpp
[1.582s] INFO:colcon.colcon_core.task.python.build:Building Python package in '/home/sushant-ros/my_bots/src/bumperbot_examples_py'
[1.582s] INFO:colcon.colcon_core.shell:Skip shell extension 'powershell' for command environment: Not usable outside of PowerShell
[1.582s] DEBUG:colcon.colcon_core.shell:Skip shell extension 'dsv' for command environment
[2.843s] DEBUG:colcon.colcon_core.event_handler.log_command:Invoked command in '/home/sushant-ros/my_bots/src/build/bumperbot_controller' returned '0': CMAKE_PREFIX_PATH=${CMAKE_PREFIX_PATH}:/home/sushant-ros/my_bots/install/bumperbot_examples_py:/home/sushant-ros/my_bots/install/agribot_description:/home/sushant-ros/Coding/ROS2_Learning/ROS2_Basics/ros2_ws/install/my_py_pkg:/opt/ros/jazzy DEBUGINFOD_URLS=https://debuginfod.ubuntu.com /usr/bin/cmake /home/sushant-ros/my_bots/src/bumperbot_controller -DCMAKE_INSTALL_PREFIX=/home/sushant-ros/my_bots/src/install/bumperbot_controller
[2.844s] DEBUG:colcon.colcon_core.event_handler.log_command:Invoking command in '/home/sushant-ros/my_bots/src/build/bumperbot_controller': CMAKE_PREFIX_PATH=${CMAKE_PREFIX_PATH}:/home/sushant-ros/my_bots/install/bumperbot_examples_py:/home/sushant-ros/my_bots/install/agribot_description:/home/sushant-ros/Coding/ROS2_Learning/ROS2_Basics/ros2_ws/install/my_py_pkg:/opt/ros/jazzy DEBUGINFOD_URLS=https://debuginfod.ubuntu.com /usr/bin/cmake --build /home/sushant-ros/my_bots/src/build/bumperbot_controller -- -j8 -l8
[2.927s] DEBUG:colcon.colcon_core.event_handler.log_command:Invoked command in '/home/sushant-ros/my_bots/src/build/agribot_controller' returned '0': CMAKE_PREFIX_PATH=${CMAKE_PREFIX_PATH}:/home/sushant-ros/my_bots/install/bumperbot_examples_py:/home/sushant-ros/my_bots/install/agribot_description:/home/sushant-ros/Coding/ROS2_Learning/ROS2_Basics/ros2_ws/install/my_py_pkg:/opt/ros/jazzy DEBUGINFOD_URLS=https://debuginfod.ubuntu.com /usr/bin/cmake /home/sushant-ros/my_bots/src/agribot_controller -DCMAKE_INSTALL_PREFIX=/home/sushant-ros/my_bots/src/install/agribot_controller
[2.930s] DEBUG:colcon.colcon_core.event_handler.log_command:Invoking command in '/home/sushant-ros/my_bots/src/build/agribot_controller': CMAKE_PREFIX_PATH=${CMAKE_PREFIX_PATH}:/home/sushant-ros/my_bots/install/bumperbot_examples_py:/home/sushant-ros/my_bots/install/agribot_description:/home/sushant-ros/Coding/ROS2_Learning/ROS2_Basics/ros2_ws/install/my_py_pkg:/opt/ros/jazzy DEBUGINFOD_URLS=https://debuginfod.ubuntu.com /usr/bin/cmake --build /home/sushant-ros/my_bots/src/build/agribot_controller -- -j8 -l8
[2.948s] DEBUG:colcon.colcon_core.event_handler.log_command:Invoked command in '/home/sushant-ros/my_bots/src/build/bumperbot_controller' returned '0': CMAKE_PREFIX_PATH=${CMAKE_PREFIX_PATH}:/home/sushant-ros/my_bots/install/bumperbot_examples_py:/home/sushant-ros/my_bots/install/agribot_description:/home/sushant-ros/Coding/ROS2_Learning/ROS2_Basics/ros2_ws/install/my_py_pkg:/opt/ros/jazzy DEBUGINFOD_URLS=https://debuginfod.ubuntu.com /usr/bin/cmake --build /home/sushant-ros/my_bots/src/build/bumperbot_controller -- -j8 -l8
[2.971s] DEBUG:colcon.colcon_core.event_handler.log_command:Invoking command in '/home/sushant-ros/my_bots/src/build/bumperbot_controller': CMAKE_PREFIX_PATH=${CMAKE_PREFIX_PATH}:/home/sushant-ros/my_bots/install/bumperbot_examples_py:/home/sushant-ros/my_bots/install/agribot_description:/home/sushant-ros/Coding/ROS2_Learning/ROS2_Basics/ros2_ws/install/my_py_pkg:/opt/ros/jazzy DEBUGINFOD_URLS=https://debuginfod.ubuntu.com /usr/bin/cmake --install /home/sushant-ros/my_bots/src/build/bumperbot_controller
[2.996s] Level 1:colcon.colcon_core.environment:create_environment_scripts_only(bumperbot_controller)
[2.997s] DEBUG:colcon.colcon_core.event_handler.log_command:Invoked command in '/home/sushant-ros/my_bots/src/build/bumperbot_controller' returned '0': CMAKE_PREFIX_PATH=${CMAKE_PREFIX_PATH}:/home/sushant-ros/my_bots/install/bumperbot_examples_py:/home/sushant-ros/my_bots/install/agribot_description:/home/sushant-ros/Coding/ROS2_Learning/ROS2_Basics/ros2_ws/install/my_py_pkg:/opt/ros/jazzy DEBUGINFOD_URLS=https://debuginfod.ubuntu.com /usr/bin/cmake --install /home/sushant-ros/my_bots/src/build/bumperbot_controller
[3.003s] Level 1:colcon.colcon_core.environment:checking '/home/sushant-ros/my_bots/src/install/bumperbot_controller' for CMake module files
[3.004s] Level 1:colcon.colcon_core.environment:checking '/home/sushant-ros/my_bots/src/install/bumperbot_controller' for CMake config files
[3.005s] Level 1:colcon.colcon_core.shell:create_environment_hook('bumperbot_controller', 'cmake_prefix_path')
[3.005s] INFO:colcon.colcon_core.shell:Creating environment hook '/home/sushant-ros/my_bots/src/install/bumperbot_controller/share/bumperbot_controller/hook/cmake_prefix_path.ps1'
[3.006s] INFO:colcon.colcon_core.shell:Creating environment descriptor '/home/sushant-ros/my_bots/src/install/bumperbot_controller/share/bumperbot_controller/hook/cmake_prefix_path.dsv'
[3.006s] INFO:colcon.colcon_core.shell:Creating environment hook '/home/sushant-ros/my_bots/src/install/bumperbot_controller/share/bumperbot_controller/hook/cmake_prefix_path.sh'
[3.007s] Level 1:colcon.colcon_core.environment:checking '/home/sushant-ros/my_bots/src/install/bumperbot_controller/bin'
[3.007s] Level 1:colcon.colcon_core.environment:checking '/home/sushant-ros/my_bots/src/install/bumperbot_controller/lib/pkgconfig/bumperbot_controller.pc'
[3.008s] Level 1:colcon.colcon_core.environment:checking '/home/sushant-ros/my_bots/src/install/bumperbot_controller/lib/python3.12/site-packages'
[3.009s] Level 1:colcon.colcon_core.environment:checking '/home/sushant-ros/my_bots/src/install/bumperbot_controller/bin'
[3.009s] INFO:colcon.colcon_core.shell:Creating package script '/home/sushant-ros/my_bots/src/install/bumperbot_controller/share/bumperbot_controller/package.ps1'
[3.011s] INFO:colcon.colcon_core.shell:Creating package descriptor '/home/sushant-ros/my_bots/src/install/bumperbot_controller/share/bumperbot_controller/package.dsv'
[3.012s] INFO:colcon.colcon_core.shell:Creating package script '/home/sushant-ros/my_bots/src/install/bumperbot_controller/share/bumperbot_controller/package.sh'
[3.013s] INFO:colcon.colcon_core.shell:Creating package script '/home/sushant-ros/my_bots/src/install/bumperbot_controller/share/bumperbot_controller/package.bash'
[3.014s] INFO:colcon.colcon_core.shell:Creating package script '/home/sushant-ros/my_bots/src/install/bumperbot_controller/share/bumperbot_controller/package.zsh'
[3.016s] Level 1:colcon.colcon_core.environment:create_file_with_runtime_dependencies(/home/sushant-ros/my_bots/src/install/bumperbot_controller/share/colcon-core/packages/bumperbot_controller)
[3.017s] Level 1:colcon.colcon_core.environment:create_environment_scripts_only(bumperbot_controller)
[3.017s] Level 1:colcon.colcon_core.environment:checking '/home/sushant-ros/my_bots/src/install/bumperbot_controller' for CMake module files
[3.018s] Level 1:colcon.colcon_core.environment:checking '/home/sushant-ros/my_bots/src/install/bumperbot_controller' for CMake config files
[3.019s] Level 1:colcon.colcon_core.shell:create_environment_hook('bumperbot_controller', 'cmake_prefix_path')
[3.019s] INFO:colcon.colcon_core.shell:Creating environment hook '/home/sushant-ros/my_bots/src/install/bumperbot_controller/share/bumperbot_controller/hook/cmake_prefix_path.ps1'
[3.019s] INFO:colcon.colcon_core.shell:Creating environment descriptor '/home/sushant-ros/my_bots/src/install/bumperbot_controller/share/bumperbot_controller/hook/cmake_prefix_path.dsv'
[3.020s] INFO:colcon.colcon_core.shell:Creating environment hook '/home/sushant-ros/my_bots/src/install/bumperbot_controller/share/bumperbot_controller/hook/cmake_prefix_path.sh'
[3.021s] Level 1:colcon.colcon_core.environment:checking '/home/sushant-ros/my_bots/src/install/bumperbot_controller/bin'
[3.021s] Level 1:colcon.colcon_core.environment:checking '/home/sushant-ros/my_bots/src/install/bumperbot_controller/lib/pkgconfig/bumperbot_controller.pc'
[3.021s] Level 1:colcon.colcon_core.environment:checking '/home/sushant-ros/my_bots/src/install/bumperbot_controller/lib/python3.12/site-packages'
[3.022s] Level 1:colcon.colcon_core.environment:checking '/home/sushant-ros/my_bots/src/install/bumperbot_controller/bin'
[3.022s] INFO:colcon.colcon_core.shell:Creating package script '/home/sushant-ros/my_bots/src/install/bumperbot_controller/share/bumperbot_controller/package.ps1'
[3.023s] INFO:colcon.colcon_core.shell:Creating package descriptor '/home/sushant-ros/my_bots/src/install/bumperbot_controller/share/bumperbot_controller/package.dsv'
[3.023s] INFO:colcon.colcon_core.shell:Creating package script '/home/sushant-ros/my_bots/src/install/bumperbot_controller/share/bumperbot_controller/package.sh'
[3.024s] INFO:colcon.colcon_core.shell:Creating package script '/home/sushant-ros/my_bots/src/install/bumperbot_controller/share/bumperbot_controller/package.bash'
[3.024s] INFO:colcon.colcon_core.shell:Creating package script '/home/sushant-ros/my_bots/src/install/bumperbot_controller/share/bumperbot_controller/package.zsh'
[3.025s] Level 1:colcon.colcon_core.environment:create_file_with_runtime_dependencies(/home/sushant-ros/my_bots/src/install/bumperbot_controller/share/colcon-core/packages/bumperbot_controller)
[3.028s] DEBUG:colcon.colcon_core.event_handler.log_command:Invoked command in '/home/sushant-ros/my_bots/src/build/agribot_controller' returned '0': CMAKE_PREFIX_PATH=${CMAKE_PREFIX_PATH}:/home/sushant-ros/my_bots/install/bumperbot_examples_py:/home/sushant-ros/my_bots/install/agribot_description:/home/sushant-ros/Coding/ROS2_Learning/ROS2_Basics/ros2_ws/install/my_py_pkg:/opt/ros/jazzy DEBUGINFOD_URLS=https://debuginfod.ubuntu.com /usr/bin/cmake --build /home/sushant-ros/my_bots/src/build/agribot_controller -- -j8 -l8
[3.031s] DEBUG:colcon.colcon_core.event_handler.log_command:Invoking command in '/home/sushant-ros/my_bots/src/build/agribot_controller': CMAKE_PREFIX_PATH=${CMAKE_PREFIX_PATH}:/home/sushant-ros/my_bots/install/bumperbot_examples_py:/home/sushant-ros/my_bots/install/agribot_description:/home/sushant-ros/Coding/ROS2_Learning/ROS2_Basics/ros2_ws/install/my_py_pkg:/opt/ros/jazzy DEBUGINFOD_URLS=https://debuginfod.ubuntu.com /usr/bin/cmake --install /home/sushant-ros/my_bots/src/build/agribot_controller
[3.057s] Level 1:colcon.colcon_core.environment:create_environment_scripts_only(agribot_controller)
[3.058s] Level 1:colcon.colcon_core.environment:checking '/home/sushant-ros/my_bots/src/install/agribot_controller' for CMake module files
[3.059s] DEBUG:colcon.colcon_core.event_handler.log_command:Invoked command in '/home/sushant-ros/my_bots/src/build/agribot_controller' returned '0': CMAKE_PREFIX_PATH=${CMAKE_PREFIX_PATH}:/home/sushant-ros/my_bots/install/bumperbot_examples_py:/home/sushant-ros/my_bots/install/agribot_description:/home/sushant-ros/Coding/ROS2_Learning/ROS2_Basics/ros2_ws/install/my_py_pkg:/opt/ros/jazzy DEBUGINFOD_URLS=https://debuginfod.ubuntu.com /usr/bin/cmake --install /home/sushant-ros/my_bots/src/build/agribot_controller
[3.060s] Level 1:colcon.colcon_core.environment:checking '/home/sushant-ros/my_bots/src/install/agribot_controller' for CMake config files
[3.060s] Level 1:colcon.colcon_core.shell:create_environment_hook('agribot_controller', 'cmake_prefix_path')
[3.061s] INFO:colcon.colcon_core.shell:Creating environment hook '/home/sushant-ros/my_bots/src/install/agribot_controller/share/agribot_controller/hook/cmake_prefix_path.ps1'
[3.061s] INFO:colcon.colcon_core.shell:Creating environment descriptor '/home/sushant-ros/my_bots/src/install/agribot_controller/share/agribot_controller/hook/cmake_prefix_path.dsv'
[3.062s] INFO:colcon.colcon_core.shell:Creating environment hook '/home/sushant-ros/my_bots/src/install/agribot_controller/share/agribot_controller/hook/cmake_prefix_path.sh'
[3.063s] Level 1:colcon.colcon_core.environment:checking '/home/sushant-ros/my_bots/src/install/agribot_controller/bin'
[3.063s] Level 1:colcon.colcon_core.environment:checking '/home/sushant-ros/my_bots/src/install/agribot_controller/lib/pkgconfig/agribot_controller.pc'
[3.064s] Level 1:colcon.colcon_core.environment:checking '/home/sushant-ros/my_bots/src/install/agribot_controller/lib/python3.12/site-packages'
[3.065s] Level 1:colcon.colcon_core.environment:checking '/home/sushant-ros/my_bots/src/install/agribot_controller/bin'
[3.065s] INFO:colcon.colcon_core.shell:Creating package script '/home/sushant-ros/my_bots/src/install/agribot_controller/share/agribot_controller/package.ps1'
[3.066s] INFO:colcon.colcon_core.shell:Creating package descriptor '/home/sushant-ros/my_bots/src/install/agribot_controller/share/agribot_controller/package.dsv'
[3.067s] INFO:colcon.colcon_core.shell:Creating package script '/home/sushant-ros/my_bots/src/install/agribot_controller/share/agribot_controller/package.sh'
[3.068s] INFO:colcon.colcon_core.shell:Creating package script '/home/sushant-ros/my_bots/src/install/agribot_controller/share/agribot_controller/package.bash'
[3.069s] INFO:colcon.colcon_core.shell:Creating package script '/home/sushant-ros/my_bots/src/install/agribot_controller/share/agribot_controller/package.zsh'
[3.070s] Level 1:colcon.colcon_core.environment:create_file_with_runtime_dependencies(/home/sushant-ros/my_bots/src/install/agribot_controller/share/colcon-core/packages/agribot_controller)
[3.071s] Level 1:colcon.colcon_core.environment:create_environment_scripts_only(agribot_controller)
[3.071s] Level 1:colcon.colcon_core.environment:checking '/home/sushant-ros/my_bots/src/install/agribot_controller' for CMake module files
[3.072s] Level 1:colcon.colcon_core.environment:checking '/home/sushant-ros/my_bots/src/install/agribot_controller' for CMake config files
[3.073s] Level 1:colcon.colcon_core.shell:create_environment_hook('agribot_controller', 'cmake_prefix_path')
[3.073s] INFO:colcon.colcon_core.shell:Creating environment hook '/home/sushant-ros/my_bots/src/install/agribot_controller/share/agribot_controller/hook/cmake_prefix_path.ps1'
[3.074s] INFO:colcon.colcon_core.shell:Creating environment descriptor '/home/sushant-ros/my_bots/src/install/agribot_controller/share/agribot_controller/hook/cmake_prefix_path.dsv'
[3.075s] INFO:colcon.colcon_core.shell:Creating environment hook '/home/sushant-ros/my_bots/src/install/agribot_controller/share/agribot_controller/hook/cmake_prefix_path.sh'
[3.076s] Level 1:colcon.colcon_core.environment:checking '/home/sushant-ros/my_bots/src/install/agribot_controller/bin'
[3.076s] Level 1:colcon.colcon_core.environment:checking '/home/sushant-ros/my_bots/src/install/agribot_controller/lib/pkgconfig/agribot_controller.pc'
[3.076s] Level 1:colcon.colcon_core.environment:checking '/home/sushant-ros/my_bots/src/install/agribot_controller/lib/python3.12/site-packages'
[3.077s] Level 1:colcon.colcon_core.environment:checking '/home/sushant-ros/my_bots/src/install/agribot_controller/bin'
[3.077s] INFO:colcon.colcon_core.shell:Creating package script '/home/sushant-ros/my_bots/src/install/agribot_controller/share/agribot_controller/package.ps1'
[3.078s] INFO:colcon.colcon_core.shell:Creating package descriptor '/home/sushant-ros/my_bots/src/install/agribot_controller/share/agribot_controller/package.dsv'
[3.078s] INFO:colcon.colcon_core.shell:Creating package script '/home/sushant-ros/my_bots/src/install/agribot_controller/share/agribot_controller/package.sh'
[3.079s] INFO:colcon.colcon_core.shell:Creating package script '/home/sushant-ros/my_bots/src/install/agribot_controller/share/agribot_controller/package.bash'
[3.079s] INFO:colcon.colcon_core.shell:Creating package script '/home/sushant-ros/my_bots/src/install/agribot_controller/share/agribot_controller/package.zsh'
[3.080s] Level 1:colcon.colcon_core.environment:create_file_with_runtime_dependencies(/home/sushant-ros/my_bots/src/install/agribot_controller/share/colcon-core/packages/agribot_controller)
[3.247s] DEBUG:colcon.colcon_core.event_handler.log_command:Invoking command in '/home/sushant-ros/my_bots/src/agribot_description': DEBUGINFOD_URLS=https://debuginfod.ubuntu.com PYTHONPATH=/home/sushant-ros/my_bots/src/build/agribot_description/prefix_override:/usr/lib/python3/dist-packages/colcon_core/task/python/colcon_distutils_commands:/home/sushant-ros/my_bots/src/install/agribot_description/lib/python3.12/site-packages:${PYTHONPATH} /usr/bin/python3 -W ignore:setup.py install is deprecated -W ignore:easy_install command is deprecated setup.py egg_info --egg-base ../build/agribot_description build --build-base /home/sushant-ros/my_bots/src/build/agribot_description/build install --record /home/sushant-ros/my_bots/src/build/agribot_description/install.log --single-version-externally-managed install_data
[3.309s] DEBUG:colcon.colcon_core.event_handler.log_command:Invoking command in '/home/sushant-ros/my_bots/src/bumperbot_examples_py': DEBUGINFOD_URLS=https://debuginfod.ubuntu.com PYTHONPATH=/home/sushant-ros/my_bots/src/build/bumperbot_examples_py/prefix_override:/usr/lib/python3/dist-packages/colcon_core/task/python/colcon_distutils_commands:/home/sushant-ros/my_bots/src/install/bumperbot_examples_py/lib/python3.12/site-packages:${PYTHONPATH} /usr/bin/python3 -W ignore:setup.py install is deprecated -W ignore:easy_install command is deprecated setup.py egg_info --egg-base ../build/bumperbot_examples_py build --build-base /home/sushant-ros/my_bots/src/build/bumperbot_examples_py/build install --record /home/sushant-ros/my_bots/src/build/bumperbot_examples_py/install.log --single-version-externally-managed install_data
[4.087s] DEBUG:colcon.colcon_core.event_handler.log_command:Invoked command in '/home/sushant-ros/my_bots/src/build/bumperbot_description' returned '0': CMAKE_PREFIX_PATH=${CMAKE_PREFIX_PATH}:/home/sushant-ros/my_bots/install/bumperbot_examples_py:/home/sushant-ros/my_bots/install/agribot_description:/home/sushant-ros/Coding/ROS2_Learning/ROS2_Basics/ros2_ws/install/my_py_pkg:/opt/ros/jazzy DEBUGINFOD_URLS=https://debuginfod.ubuntu.com /usr/bin/cmake /home/sushant-ros/my_bots/src/bumperbot_description -DCMAKE_INSTALL_PREFIX=/home/sushant-ros/my_bots/src/install/bumperbot_description
[4.089s] DEBUG:colcon.colcon_core.event_handler.log_command:Invoking command in '/home/sushant-ros/my_bots/src/build/bumperbot_description': CMAKE_PREFIX_PATH=${CMAKE_PREFIX_PATH}:/home/sushant-ros/my_bots/install/bumperbot_examples_py:/home/sushant-ros/my_bots/install/agribot_description:/home/sushant-ros/Coding/ROS2_Learning/ROS2_Basics/ros2_ws/install/my_py_pkg:/opt/ros/jazzy DEBUGINFOD_URLS=https://debuginfod.ubuntu.com /usr/bin/cmake --build /home/sushant-ros/my_bots/src/build/bumperbot_description -- -j8 -l8
[4.174s] DEBUG:colcon.colcon_core.event_handler.log_command:Invoked command in '/home/sushant-ros/my_bots/src/build/bumperbot_description' returned '0': CMAKE_PREFIX_PATH=${CMAKE_PREFIX_PATH}:/home/sushant-ros/my_bots/install/bumperbot_examples_py:/home/sushant-ros/my_bots/install/agribot_description:/home/sushant-ros/Coding/ROS2_Learning/ROS2_Basics/ros2_ws/install/my_py_pkg:/opt/ros/jazzy DEBUGINFOD_URLS=https://debuginfod.ubuntu.com /usr/bin/cmake --build /home/sushant-ros/my_bots/src/build/bumperbot_description -- -j8 -l8
[4.176s] DEBUG:colcon.colcon_core.event_handler.log_command:Invoking command in '/home/sushant-ros/my_bots/src/build/bumperbot_description': CMAKE_PREFIX_PATH=${CMAKE_PREFIX_PATH}:/home/sushant-ros/my_bots/install/bumperbot_examples_py:/home/sushant-ros/my_bots/install/agribot_description:/home/sushant-ros/Coding/ROS2_Learning/ROS2_Basics/ros2_ws/install/my_py_pkg:/opt/ros/jazzy DEBUGINFOD_URLS=https://debuginfod.ubuntu.com /usr/bin/cmake --install /home/sushant-ros/my_bots/src/build/bumperbot_description
[4.188s] DEBUG:colcon.colcon_core.event_handler.log_command:Invoked command in '/home/sushant-ros/my_bots/src/build/bumperbot_examples_cpp' returned '0': CMAKE_PREFIX_PATH=${CMAKE_PREFIX_PATH}:/home/sushant-ros/my_bots/install/bumperbot_examples_py:/home/sushant-ros/my_bots/install/agribot_description:/home/sushant-ros/Coding/ROS2_Learning/ROS2_Basics/ros2_ws/install/my_py_pkg:/opt/ros/jazzy DEBUGINFOD_URLS=https://debuginfod.ubuntu.com /usr/bin/cmake /home/sushant-ros/my_bots/src/bumperbot_examples_cpp -DCMAKE_INSTALL_PREFIX=/home/sushant-ros/my_bots/src/install/bumperbot_examples_cpp
[4.190s] DEBUG:colcon.colcon_core.event_handler.log_command:Invoking command in '/home/sushant-ros/my_bots/src/build/bumperbot_examples_cpp': CMAKE_PREFIX_PATH=${CMAKE_PREFIX_PATH}:/home/sushant-ros/my_bots/install/bumperbot_examples_py:/home/sushant-ros/my_bots/install/agribot_description:/home/sushant-ros/Coding/ROS2_Learning/ROS2_Basics/ros2_ws/install/my_py_pkg:/opt/ros/jazzy DEBUGINFOD_URLS=https://debuginfod.ubuntu.com /usr/bin/cmake --build /home/sushant-ros/my_bots/src/build/bumperbot_examples_cpp -- -j8 -l8
[4.357s] Level 1:colcon.colcon_core.environment:create_environment_scripts_only(bumperbot_description)
[4.358s] Level 1:colcon.colcon_core.environment:checking '/home/sushant-ros/my_bots/src/install/bumperbot_description' for CMake module files
[4.359s] DEBUG:colcon.colcon_core.event_handler.log_command:Invoked command in '/home/sushant-ros/my_bots/src/build/bumperbot_description' returned '0': CMAKE_PREFIX_PATH=${CMAKE_PREFIX_PATH}:/home/sushant-ros/my_bots/install/bumperbot_examples_py:/home/sushant-ros/my_bots/install/agribot_description:/home/sushant-ros/Coding/ROS2_Learning/ROS2_Basics/ros2_ws/install/my_py_pkg:/opt/ros/jazzy DEBUGINFOD_URLS=https://debuginfod.ubuntu.com /usr/bin/cmake --install /home/sushant-ros/my_bots/src/build/bumperbot_description
[4.360s] Level 1:colcon.colcon_core.environment:checking '/home/sushant-ros/my_bots/src/install/bumperbot_description' for CMake config files
[4.361s] Level 1:colcon.colcon_core.shell:create_environment_hook('bumperbot_description', 'cmake_prefix_path')
[4.362s] INFO:colcon.colcon_core.shell:Creating environment hook '/home/sushant-ros/my_bots/src/install/bumperbot_description/share/bumperbot_description/hook/cmake_prefix_path.ps1'
[4.363s] INFO:colcon.colcon_core.shell:Creating environment descriptor '/home/sushant-ros/my_bots/src/install/bumperbot_description/share/bumperbot_description/hook/cmake_prefix_path.dsv'
[4.364s] INFO:colcon.colcon_core.shell:Creating environment hook '/home/sushant-ros/my_bots/src/install/bumperbot_description/share/bumperbot_description/hook/cmake_prefix_path.sh'
[4.365s] Level 1:colcon.colcon_core.environment:checking '/home/sushant-ros/my_bots/src/install/bumperbot_description/bin'
[4.365s] Level 1:colcon.colcon_core.environment:checking '/home/sushant-ros/my_bots/src/install/bumperbot_description/lib/pkgconfig/bumperbot_description.pc'
[4.366s] Level 1:colcon.colcon_core.environment:checking '/home/sushant-ros/my_bots/src/install/bumperbot_description/lib/python3.12/site-packages'
[4.367s] Level 1:colcon.colcon_core.environment:checking '/home/sushant-ros/my_bots/src/install/bumperbot_description/bin'
[4.368s] INFO:colcon.colcon_core.shell:Creating package script '/home/sushant-ros/my_bots/src/install/bumperbot_description/share/bumperbot_description/package.ps1'
[4.369s] INFO:colcon.colcon_core.shell:Creating package descriptor '/home/sushant-ros/my_bots/src/install/bumperbot_description/share/bumperbot_description/package.dsv'
[4.370s] INFO:colcon.colcon_core.shell:Creating package script '/home/sushant-ros/my_bots/src/install/bumperbot_description/share/bumperbot_description/package.sh'
[4.371s] INFO:colcon.colcon_core.shell:Creating package script '/home/sushant-ros/my_bots/src/install/bumperbot_description/share/bumperbot_description/package.bash'
[4.371s] INFO:colcon.colcon_core.shell:Creating package script '/home/sushant-ros/my_bots/src/install/bumperbot_description/share/bumperbot_description/package.zsh'
[4.372s] Level 1:colcon.colcon_core.environment:create_file_with_runtime_dependencies(/home/sushant-ros/my_bots/src/install/bumperbot_description/share/colcon-core/packages/bumperbot_description)
[4.374s] Level 1:colcon.colcon_core.environment:create_environment_scripts_only(bumperbot_description)
[4.374s] Level 1:colcon.colcon_core.environment:checking '/home/sushant-ros/my_bots/src/install/bumperbot_description' for CMake module files
[4.376s] Level 1:colcon.colcon_core.environment:checking '/home/sushant-ros/my_bots/src/install/bumperbot_description' for CMake config files
[4.377s] Level 1:colcon.colcon_core.shell:create_environment_hook('bumperbot_description', 'cmake_prefix_path')
[4.377s] INFO:colcon.colcon_core.shell:Creating environment hook '/home/sushant-ros/my_bots/src/install/bumperbot_description/share/bumperbot_description/hook/cmake_prefix_path.ps1'
[4.378s] INFO:colcon.colcon_core.shell:Creating environment descriptor '/home/sushant-ros/my_bots/src/install/bumperbot_description/share/bumperbot_description/hook/cmake_prefix_path.dsv'
[4.379s] INFO:colcon.colcon_core.shell:Creating environment hook '/home/sushant-ros/my_bots/src/install/bumperbot_description/share/bumperbot_description/hook/cmake_prefix_path.sh'
[4.380s] Level 1:colcon.colcon_core.environment:checking '/home/sushant-ros/my_bots/src/install/bumperbot_description/bin'
[4.380s] Level 1:colcon.colcon_core.environment:checking '/home/sushant-ros/my_bots/src/install/bumperbot_description/lib/pkgconfig/bumperbot_description.pc'
[4.381s] Level 1:colcon.colcon_core.environment:checking '/home/sushant-ros/my_bots/src/install/bumperbot_description/lib/python3.12/site-packages'
[4.382s] Level 1:colcon.colcon_core.environment:checking '/home/sushant-ros/my_bots/src/install/bumperbot_description/bin'
[4.383s] INFO:colcon.colcon_core.shell:Creating package script '/home/sushant-ros/my_bots/src/install/bumperbot_description/share/bumperbot_description/package.ps1'
[4.384s] INFO:colcon.colcon_core.shell:Creating package descriptor '/home/sushant-ros/my_bots/src/install/bumperbot_description/share/bumperbot_description/package.dsv'
[4.385s] INFO:colcon.colcon_core.shell:Creating package script '/home/sushant-ros/my_bots/src/install/bumperbot_description/share/bumperbot_description/package.sh'
[4.386s] INFO:colcon.colcon_core.shell:Creating package script '/home/sushant-ros/my_bots/src/install/bumperbot_description/share/bumperbot_description/package.bash'
[4.387s] INFO:colcon.colcon_core.shell:Creating package script '/home/sushant-ros/my_bots/src/install/bumperbot_description/share/bumperbot_description/package.zsh'
[4.387s] Level 1:colcon.colcon_core.environment:create_file_with_runtime_dependencies(/home/sushant-ros/my_bots/src/install/bumperbot_description/share/colcon-core/packages/bumperbot_description)
[4.390s] Level 1:colcon.colcon_core.environment:checking '/home/sushant-ros/my_bots/src/install/agribot_description' for CMake module files
[4.391s] DEBUG:colcon.colcon_core.event_handler.log_command:Invoked command in '/home/sushant-ros/my_bots/src/agribot_description' returned '0': DEBUGINFOD_URLS=https://debuginfod.ubuntu.com PYTHONPATH=/home/sushant-ros/my_bots/src/build/agribot_description/prefix_override:/usr/lib/python3/dist-packages/colcon_core/task/python/colcon_distutils_commands:/home/sushant-ros/my_bots/src/install/agribot_description/lib/python3.12/site-packages:${PYTHONPATH} /usr/bin/python3 -W ignore:setup.py install is deprecated -W ignore:easy_install command is deprecated setup.py egg_info --egg-base ../build/agribot_description build --build-base /home/sushant-ros/my_bots/src/build/agribot_description/build install --record /home/sushant-ros/my_bots/src/build/agribot_description/install.log --single-version-externally-managed install_data
[4.392s] Level 1:colcon.colcon_core.environment:checking '/home/sushant-ros/my_bots/src/install/agribot_description' for CMake config files
[4.394s] Level 1:colcon.colcon_core.environment:checking '/home/sushant-ros/my_bots/src/install/agribot_description/lib'
[4.396s] Level 1:colcon.colcon_core.environment:checking '/home/sushant-ros/my_bots/src/install/agribot_description/bin'
[4.396s] Level 1:colcon.colcon_core.environment:checking '/home/sushant-ros/my_bots/src/install/agribot_description/lib/pkgconfig/agribot_description.pc'
[4.397s] Level 1:colcon.colcon_core.environment:checking '/home/sushant-ros/my_bots/src/install/agribot_description/lib/python3.12/site-packages'
[4.397s] Level 1:colcon.colcon_core.shell:create_environment_hook('agribot_description', 'pythonpath')
[4.398s] INFO:colcon.colcon_core.shell:Creating environment hook '/home/sushant-ros/my_bots/src/install/agribot_description/share/agribot_description/hook/pythonpath.ps1'
[4.399s] INFO:colcon.colcon_core.shell:Creating environment descriptor '/home/sushant-ros/my_bots/src/install/agribot_description/share/agribot_description/hook/pythonpath.dsv'
[4.400s] INFO:colcon.colcon_core.shell:Creating environment hook '/home/sushant-ros/my_bots/src/install/agribot_description/share/agribot_description/hook/pythonpath.sh'
[4.403s] Level 1:colcon.colcon_core.environment:checking '/home/sushant-ros/my_bots/src/install/agribot_description/bin'
[4.403s] Level 1:colcon.colcon_core.environment:create_environment_scripts_only(agribot_description)
[4.404s] INFO:colcon.colcon_core.shell:Creating package script '/home/sushant-ros/my_bots/src/install/agribot_description/share/agribot_description/package.ps1'
[4.405s] INFO:colcon.colcon_core.shell:Creating package descriptor '/home/sushant-ros/my_bots/src/install/agribot_description/share/agribot_description/package.dsv'
[4.406s] INFO:colcon.colcon_core.shell:Creating package script '/home/sushant-ros/my_bots/src/install/agribot_description/share/agribot_description/package.sh'
[4.407s] INFO:colcon.colcon_core.shell:Creating package script '/home/sushant-ros/my_bots/src/install/agribot_description/share/agribot_description/package.bash'
[4.407s] INFO:colcon.colcon_core.shell:Creating package script '/home/sushant-ros/my_bots/src/install/agribot_description/share/agribot_description/package.zsh'
[4.408s] Level 1:colcon.colcon_core.environment:create_file_with_runtime_dependencies(/home/sushant-ros/my_bots/src/install/agribot_description/share/colcon-core/packages/agribot_description)
[4.473s] Level 1:colcon.colcon_core.environment:checking '/home/sushant-ros/my_bots/src/install/bumperbot_examples_py' for CMake module files
[4.474s] DEBUG:colcon.colcon_core.event_handler.log_command:Invoked command in '/home/sushant-ros/my_bots/src/bumperbot_examples_py' returned '0': DEBUGINFOD_URLS=https://debuginfod.ubuntu.com PYTHONPATH=/home/sushant-ros/my_bots/src/build/bumperbot_examples_py/prefix_override:/usr/lib/python3/dist-packages/colcon_core/task/python/colcon_distutils_commands:/home/sushant-ros/my_bots/src/install/bumperbot_examples_py/lib/python3.12/site-packages:${PYTHONPATH} /usr/bin/python3 -W ignore:setup.py install is deprecated -W ignore:easy_install command is deprecated setup.py egg_info --egg-base ../build/bumperbot_examples_py build --build-base /home/sushant-ros/my_bots/src/build/bumperbot_examples_py/build install --record /home/sushant-ros/my_bots/src/build/bumperbot_examples_py/install.log --single-version-externally-managed install_data
[4.475s] Level 1:colcon.colcon_core.environment:checking '/home/sushant-ros/my_bots/src/install/bumperbot_examples_py' for CMake config files
[4.476s] Level 1:colcon.colcon_core.environment:checking '/home/sushant-ros/my_bots/src/install/bumperbot_examples_py/lib'
[4.476s] Level 1:colcon.colcon_core.environment:checking '/home/sushant-ros/my_bots/src/install/bumperbot_examples_py/bin'
[4.476s] Level 1:colcon.colcon_core.environment:checking '/home/sushant-ros/my_bots/src/install/bumperbot_examples_py/lib/pkgconfig/bumperbot_examples_py.pc'
[4.477s] Level 1:colcon.colcon_core.environment:checking '/home/sushant-ros/my_bots/src/install/bumperbot_examples_py/lib/python3.12/site-packages'
[4.477s] Level 1:colcon.colcon_core.shell:create_environment_hook('bumperbot_examples_py', 'pythonpath')
[4.478s] INFO:colcon.colcon_core.shell:Creating environment hook '/home/sushant-ros/my_bots/src/install/bumperbot_examples_py/share/bumperbot_examples_py/hook/pythonpath.ps1'
[4.478s] INFO:colcon.colcon_core.shell:Creating environment descriptor '/home/sushant-ros/my_bots/src/install/bumperbot_examples_py/share/bumperbot_examples_py/hook/pythonpath.dsv'
[4.479s] INFO:colcon.colcon_core.shell:Creating environment hook '/home/sushant-ros/my_bots/src/install/bumperbot_examples_py/share/bumperbot_examples_py/hook/pythonpath.sh'
[4.481s] Level 1:colcon.colcon_core.environment:checking '/home/sushant-ros/my_bots/src/install/bumperbot_examples_py/bin'
[4.481s] Level 1:colcon.colcon_core.environment:create_environment_scripts_only(bumperbot_examples_py)
[4.482s] INFO:colcon.colcon_core.shell:Creating package script '/home/sushant-ros/my_bots/src/install/bumperbot_examples_py/share/bumperbot_examples_py/package.ps1'
[4.483s] INFO:colcon.colcon_core.shell:Creating package descriptor '/home/sushant-ros/my_bots/src/install/bumperbot_examples_py/share/bumperbot_examples_py/package.dsv'
[4.483s] INFO:colcon.colcon_core.shell:Creating package script '/home/sushant-ros/my_bots/src/install/bumperbot_examples_py/share/bumperbot_examples_py/package.sh'
[4.484s] INFO:colcon.colcon_core.shell:Creating package script '/home/sushant-ros/my_bots/src/install/bumperbot_examples_py/share/bumperbot_examples_py/package.bash'
[4.485s] INFO:colcon.colcon_core.shell:Creating package script '/home/sushant-ros/my_bots/src/install/bumperbot_examples_py/share/bumperbot_examples_py/package.zsh'
[4.485s] Level 1:colcon.colcon_core.environment:create_file_with_runtime_dependencies(/home/sushant-ros/my_bots/src/install/bumperbot_examples_py/share/colcon-core/packages/bumperbot_examples_py)
[9.142s] DEBUG:colcon.colcon_core.event_handler.log_command:Invoked command in '/home/sushant-ros/my_bots/src/build/bumperbot_examples_cpp' returned '0': CMAKE_PREFIX_PATH=${CMAKE_PREFIX_PATH}:/home/sushant-ros/my_bots/install/bumperbot_examples_py:/home/sushant-ros/my_bots/install/agribot_description:/home/sushant-ros/Coding/ROS2_Learning/ROS2_Basics/ros2_ws/install/my_py_pkg:/opt/ros/jazzy DEBUGINFOD_URLS=https://debuginfod.ubuntu.com /usr/bin/cmake --build /home/sushant-ros/my_bots/src/build/bumperbot_examples_cpp -- -j8 -l8
[9.144s] DEBUG:colcon.colcon_core.event_handler.log_command:Invoking command in '/home/sushant-ros/my_bots/src/build/bumperbot_examples_cpp': CMAKE_PREFIX_PATH=${CMAKE_PREFIX_PATH}:/home/sushant-ros/my_bots/install/bumperbot_examples_py:/home/sushant-ros/my_bots/install/agribot_description:/home/sushant-ros/Coding/ROS2_Learning/ROS2_Basics/ros2_ws/install/my_py_pkg:/opt/ros/jazzy DEBUGINFOD_URLS=https://debuginfod.ubuntu.com /usr/bin/cmake --install /home/sushant-ros/my_bots/src/build/bumperbot_examples_cpp
[9.168s] Level 1:colcon.colcon_core.environment:create_environment_scripts_only(bumperbot_examples_cpp)
[9.168s] Level 1:colcon.colcon_core.environment:checking '/home/sushant-ros/my_bots/src/install/bumperbot_examples_cpp' for CMake module files
[9.169s] DEBUG:colcon.colcon_core.event_handler.log_command:Invoked command in '/home/sushant-ros/my_bots/src/build/bumperbot_examples_cpp' returned '0': CMAKE_PREFIX_PATH=${CMAKE_PREFIX_PATH}:/home/sushant-ros/my_bots/install/bumperbot_examples_py:/home/sushant-ros/my_bots/install/agribot_description:/home/sushant-ros/Coding/ROS2_Learning/ROS2_Basics/ros2_ws/install/my_py_pkg:/opt/ros/jazzy DEBUGINFOD_URLS=https://debuginfod.ubuntu.com /usr/bin/cmake --install /home/sushant-ros/my_bots/src/build/bumperbot_examples_cpp
[9.170s] Level 1:colcon.colcon_core.environment:checking '/home/sushant-ros/my_bots/src/install/bumperbot_examples_cpp' for CMake config files
[9.170s] Level 1:colcon.colcon_core.shell:create_environment_hook('bumperbot_examples_cpp', 'cmake_prefix_path')
[9.171s] INFO:colcon.colcon_core.shell:Creating environment hook '/home/sushant-ros/my_bots/src/install/bumperbot_examples_cpp/share/bumperbot_examples_cpp/hook/cmake_prefix_path.ps1'
[9.171s] INFO:colcon.colcon_core.shell:Creating environment descriptor '/home/sushant-ros/my_bots/src/install/bumperbot_examples_cpp/share/bumperbot_examples_cpp/hook/cmake_prefix_path.dsv'
[9.172s] INFO:colcon.colcon_core.shell:Creating environment hook '/home/sushant-ros/my_bots/src/install/bumperbot_examples_cpp/share/bumperbot_examples_cpp/hook/cmake_prefix_path.sh'
[9.173s] Level 1:colcon.colcon_core.environment:checking '/home/sushant-ros/my_bots/src/install/bumperbot_examples_cpp/lib'
[9.173s] Level 1:colcon.colcon_core.environment:checking '/home/sushant-ros/my_bots/src/install/bumperbot_examples_cpp/bin'
[9.173s] Level 1:colcon.colcon_core.environment:checking '/home/sushant-ros/my_bots/src/install/bumperbot_examples_cpp/lib/pkgconfig/bumperbot_examples_cpp.pc'
[9.173s] Level 1:colcon.colcon_core.environment:checking '/home/sushant-ros/my_bots/src/install/bumperbot_examples_cpp/lib/python3.12/site-packages'
[9.174s] Level 1:colcon.colcon_core.environment:checking '/home/sushant-ros/my_bots/src/install/bumperbot_examples_cpp/bin'
[9.174s] INFO:colcon.colcon_core.shell:Creating package script '/home/sushant-ros/my_bots/src/install/bumperbot_examples_cpp/share/bumperbot_examples_cpp/package.ps1'
[9.175s] INFO:colcon.colcon_core.shell:Creating package descriptor '/home/sushant-ros/my_bots/src/install/bumperbot_examples_cpp/share/bumperbot_examples_cpp/package.dsv'
[9.175s] INFO:colcon.colcon_core.shell:Creating package script '/home/sushant-ros/my_bots/src/install/bumperbot_examples_cpp/share/bumperbot_examples_cpp/package.sh'
[9.176s] INFO:colcon.colcon_core.shell:Creating package script '/home/sushant-ros/my_bots/src/install/bumperbot_examples_cpp/share/bumperbot_examples_cpp/package.bash'
[9.176s] INFO:colcon.colcon_core.shell:Creating package script '/home/sushant-ros/my_bots/src/install/bumperbot_examples_cpp/share/bumperbot_examples_cpp/package.zsh'
[9.177s] Level 1:colcon.colcon_core.environment:create_file_with_runtime_dependencies(/home/sushant-ros/my_bots/src/install/bumperbot_examples_cpp/share/colcon-core/packages/bumperbot_examples_cpp)
[9.178s] Level 1:colcon.colcon_core.environment:create_environment_scripts_only(bumperbot_examples_cpp)
[9.178s] Level 1:colcon.colcon_core.environment:checking '/home/sushant-ros/my_bots/src/install/bumperbot_examples_cpp' for CMake module files
[9.179s] Level 1:colcon.colcon_core.environment:checking '/home/sushant-ros/my_bots/src/install/bumperbot_examples_cpp' for CMake config files
[9.179s] Level 1:colcon.colcon_core.shell:create_environment_hook('bumperbot_examples_cpp', 'cmake_prefix_path')
[9.179s] INFO:colcon.colcon_core.shell:Creating environment hook '/home/sushant-ros/my_bots/src/install/bumperbot_examples_cpp/share/bumperbot_examples_cpp/hook/cmake_prefix_path.ps1'
[9.180s] INFO:colcon.colcon_core.shell:Creating environment descriptor '/home/sushant-ros/my_bots/src/install/bumperbot_examples_cpp/share/bumperbot_examples_cpp/hook/cmake_prefix_path.dsv'
[9.180s] INFO:colcon.colcon_core.shell:Creating environment hook '/home/sushant-ros/my_bots/src/install/bumperbot_examples_cpp/share/bumperbot_examples_cpp/hook/cmake_prefix_path.sh'
[9.181s] Level 1:colcon.colcon_core.environment:checking '/home/sushant-ros/my_bots/src/install/bumperbot_examples_cpp/lib'
[9.181s] Level 1:colcon.colcon_core.environment:checking '/home/sushant-ros/my_bots/src/install/bumperbot_examples_cpp/bin'
[9.181s] Level 1:colcon.colcon_core.environment:checking '/home/sushant-ros/my_bots/src/install/bumperbot_examples_cpp/lib/pkgconfig/bumperbot_examples_cpp.pc'
[9.182s] Level 1:colcon.colcon_core.environment:checking '/home/sushant-ros/my_bots/src/install/bumperbot_examples_cpp/lib/python3.12/site-packages'
[9.182s] Level 1:colcon.colcon_core.environment:checking '/home/sushant-ros/my_bots/src/install/bumperbot_examples_cpp/bin'
[9.182s] INFO:colcon.colcon_core.shell:Creating package script '/home/sushant-ros/my_bots/src/install/bumperbot_examples_cpp/share/bumperbot_examples_cpp/package.ps1'
[9.183s] INFO:colcon.colcon_core.shell:Creating package descriptor '/home/sushant-ros/my_bots/src/install/bumperbot_examples_cpp/share/bumperbot_examples_cpp/package.dsv'
[9.184s] INFO:colcon.colcon_core.shell:Creating package script '/home/sushant-ros/my_bots/src/install/bumperbot_examples_cpp/share/bumperbot_examples_cpp/package.sh'
[9.184s] INFO:colcon.colcon_core.shell:Creating package script '/home/sushant-ros/my_bots/src/install/bumperbot_examples_cpp/share/bumperbot_examples_cpp/package.bash'
[9.185s] INFO:colcon.colcon_core.shell:Creating package script '/home/sushant-ros/my_bots/src/install/bumperbot_examples_cpp/share/bumperbot_examples_cpp/package.zsh'
[9.185s] Level 1:colcon.colcon_core.environment:create_file_with_runtime_dependencies(/home/sushant-ros/my_bots/src/install/bumperbot_examples_cpp/share/colcon-core/packages/bumperbot_examples_cpp)
[9.186s] DEBUG:colcon.colcon_parallel_executor.executor.parallel:closing loop
[9.186s] DEBUG:colcon.colcon_parallel_executor.executor.parallel:loop closed
[9.186s] DEBUG:colcon.colcon_parallel_executor.executor.parallel:run_until_complete finished with '0'
[9.186s] DEBUG:colcon.colcon_core.event_reactor:joining thread
[9.208s] INFO:colcon.colcon_core.plugin_system:Skipping extension 'colcon_notification.desktop_notification.terminal_notifier': Not used on non-Darwin systems
[9.208s] INFO:colcon.colcon_core.plugin_system:Skipping extension 'colcon_notification.desktop_notification.win32': Not used on non-Windows systems
[9.208s] INFO:colcon.colcon_notification.desktop_notification:Sending desktop notification using 'notify2'
[9.242s] DEBUG:colcon.colcon_core.event_reactor:joined thread
[9.243s] INFO:colcon.colcon_core.shell:Creating prefix script '/home/sushant-ros/my_bots/src/install/local_setup.ps1'
[9.244s] INFO:colcon.colcon_core.shell:Creating prefix util module '/home/sushant-ros/my_bots/src/install/_local_setup_util_ps1.py'
[9.246s] INFO:colcon.colcon_core.shell:Creating prefix chain script '/home/sushant-ros/my_bots/src/install/setup.ps1'
[9.249s] INFO:colcon.colcon_core.shell:Creating prefix script '/home/sushant-ros/my_bots/src/install/local_setup.sh'
[9.250s] INFO:colcon.colcon_core.shell:Creating prefix util module '/home/sushant-ros/my_bots/src/install/_local_setup_util_sh.py'
[9.251s] INFO:colcon.colcon_core.shell:Creating prefix chain script '/home/sushant-ros/my_bots/src/install/setup.sh'
[9.253s] INFO:colcon.colcon_core.shell:Creating prefix script '/home/sushant-ros/my_bots/src/install/local_setup.bash'
[9.254s] INFO:colcon.colcon_core.shell:Creating prefix chain script '/home/sushant-ros/my_bots/src/install/setup.bash'
[9.256s] INFO:colcon.colcon_core.shell:Creating prefix script '/home/sushant-ros/my_bots/src/install/local_setup.zsh'
[9.257s] INFO:colcon.colcon_core.shell:Creating prefix chain script '/home/sushant-ros/my_bots/src/install/setup.zsh'
