[0.064s] Invoking command in '/home/sushant-ros/my_bots/src/build/agribot_controller': CMAKE_PREFIX_PATH=${CMAKE_PREFIX_PATH}:/home/sushant-ros/my_bots/install/bumperbot_examples_py:/home/sushant-ros/my_bots/install/agribot_description:/home/sushant-ros/Coding/ROS2_Learning/ROS2_Basics/ros2_ws/install/my_py_pkg:/opt/ros/jazzy DEBUGINFOD_URLS=https://debuginfod.ubuntu.com /usr/bin/cmake /home/sushant-ros/my_bots/src/agribot_controller -DCMAKE_INSTALL_PREFIX=/home/sushant-ros/my_bots/src/install/agribot_controller
[0.485s] -- The C compiler identification is GNU 13.3.0
[0.643s] -- The CXX compiler identification is GNU 13.3.0
[0.689s] -- Detecting C compiler ABI info
[0.942s] -- Detecting C compiler ABI info - done
[0.962s] -- Check for working C compiler: /usr/bin/cc - skipped
[0.963s] -- Detecting C compile features
[0.965s] -- Detecting C compile features - done
[0.993s] -- Detecting CXX compiler ABI info
[1.300s] -- Detecting CXX compiler ABI info - done
[1.336s] -- Check for working CXX compiler: /usr/bin/c++ - skipped
[1.337s] -- Detecting CXX compile features
[1.340s] -- Detecting CXX compile features - done
[1.396s] -- Found ament_cmake: 2.5.4 (/opt/ros/jazzy/share/ament_cmake/cmake)
[1.915s] -- Found Python3: /usr/bin/python3 (found version "3.12.3") found components: Interpreter 
[2.490s] -- Configuring done (2.4s)
[2.495s] -- Generating done (0.0s)
[2.501s] -- Build files have been written to: /home/sushant-ros/my_bots/src/build/agribot_controller
[2.513s] Invoked command in '/home/sushant-ros/my_bots/src/build/agribot_controller' returned '0': CMAKE_PREFIX_PATH=${CMAKE_PREFIX_PATH}:/home/sushant-ros/my_bots/install/bumperbot_examples_py:/home/sushant-ros/my_bots/install/agribot_description:/home/sushant-ros/Coding/ROS2_Learning/ROS2_Basics/ros2_ws/install/my_py_pkg:/opt/ros/jazzy DEBUGINFOD_URLS=https://debuginfod.ubuntu.com /usr/bin/cmake /home/sushant-ros/my_bots/src/agribot_controller -DCMAKE_INSTALL_PREFIX=/home/sushant-ros/my_bots/src/install/agribot_controller
[2.516s] Invoking command in '/home/sushant-ros/my_bots/src/build/agribot_controller': CMAKE_PREFIX_PATH=${CMAKE_PREFIX_PATH}:/home/sushant-ros/my_bots/install/bumperbot_examples_py:/home/sushant-ros/my_bots/install/agribot_description:/home/sushant-ros/Coding/ROS2_Learning/ROS2_Basics/ros2_ws/install/my_py_pkg:/opt/ros/jazzy DEBUGINFOD_URLS=https://debuginfod.ubuntu.com /usr/bin/cmake --build /home/sushant-ros/my_bots/src/build/agribot_controller -- -j8 -l8
[2.614s] Invoked command in '/home/sushant-ros/my_bots/src/build/agribot_controller' returned '0': CMAKE_PREFIX_PATH=${CMAKE_PREFIX_PATH}:/home/sushant-ros/my_bots/install/bumperbot_examples_py:/home/sushant-ros/my_bots/install/agribot_description:/home/sushant-ros/Coding/ROS2_Learning/ROS2_Basics/ros2_ws/install/my_py_pkg:/opt/ros/jazzy DEBUGINFOD_URLS=https://debuginfod.ubuntu.com /usr/bin/cmake --build /home/sushant-ros/my_bots/src/build/agribot_controller -- -j8 -l8
[2.617s] Invoking command in '/home/sushant-ros/my_bots/src/build/agribot_controller': CMAKE_PREFIX_PATH=${CMAKE_PREFIX_PATH}:/home/sushant-ros/my_bots/install/bumperbot_examples_py:/home/sushant-ros/my_bots/install/agribot_description:/home/sushant-ros/Coding/ROS2_Learning/ROS2_Basics/ros2_ws/install/my_py_pkg:/opt/ros/jazzy DEBUGINFOD_URLS=https://debuginfod.ubuntu.com /usr/bin/cmake --install /home/sushant-ros/my_bots/src/build/agribot_controller
[2.636s] -- Install configuration: ""
[2.636s] -- Installing: /home/sushant-ros/my_bots/src/install/agribot_controller/share/agribot_controller/config
[2.637s] -- Installing: /home/sushant-ros/my_bots/src/install/agribot_controller/share/agribot_controller/config/agribot_controller.yaml
[2.637s] -- Installing: /home/sushant-ros/my_bots/src/install/agribot_controller/share/ament_index/resource_index/package_run_dependencies/agribot_controller
[2.637s] -- Installing: /home/sushant-ros/my_bots/src/install/agribot_controller/share/ament_index/resource_index/parent_prefix_path/agribot_controller
[2.638s] -- Installing: /home/sushant-ros/my_bots/src/install/agribot_controller/share/agribot_controller/environment/ament_prefix_path.sh
[2.638s] -- Installing: /home/sushant-ros/my_bots/src/install/agribot_controller/share/agribot_controller/environment/ament_prefix_path.dsv
[2.638s] -- Installing: /home/sushant-ros/my_bots/src/install/agribot_controller/share/agribot_controller/environment/path.sh
[2.638s] -- Installing: /home/sushant-ros/my_bots/src/install/agribot_controller/share/agribot_controller/environment/path.dsv
[2.639s] -- Installing: /home/sushant-ros/my_bots/src/install/agribot_controller/share/agribot_controller/local_setup.bash
[2.639s] -- Installing: /home/sushant-ros/my_bots/src/install/agribot_controller/share/agribot_controller/local_setup.sh
[2.639s] -- Installing: /home/sushant-ros/my_bots/src/install/agribot_controller/share/agribot_controller/local_setup.zsh
[2.640s] -- Installing: /home/sushant-ros/my_bots/src/install/agribot_controller/share/agribot_controller/local_setup.dsv
[2.640s] -- Installing: /home/sushant-ros/my_bots/src/install/agribot_controller/share/agribot_controller/package.dsv
[2.640s] -- Installing: /home/sushant-ros/my_bots/src/install/agribot_controller/share/ament_index/resource_index/packages/agribot_controller
[2.641s] -- Installing: /home/sushant-ros/my_bots/src/install/agribot_controller/share/agribot_controller/cmake/agribot_controllerConfig.cmake
[2.641s] -- Installing: /home/sushant-ros/my_bots/src/install/agribot_controller/share/agribot_controller/cmake/agribot_controllerConfig-version.cmake
[2.641s] -- Installing: /home/sushant-ros/my_bots/src/install/agribot_controller/share/agribot_controller/package.xml
[2.645s] Invoked command in '/home/sushant-ros/my_bots/src/build/agribot_controller' returned '0': CMAKE_PREFIX_PATH=${CMAKE_PREFIX_PATH}:/home/sushant-ros/my_bots/install/bumperbot_examples_py:/home/sushant-ros/my_bots/install/agribot_description:/home/sushant-ros/Coding/ROS2_Learning/ROS2_Basics/ros2_ws/install/my_py_pkg:/opt/ros/jazzy DEBUGINFOD_URLS=https://debuginfod.ubuntu.com /usr/bin/cmake --install /home/sushant-ros/my_bots/src/build/agribot_controller
