/home/sushant-ros/my_bots/src/install/agribot_description/lib/python3.12/site-packages/agribot_description/__init__.py
/home/sushant-ros/my_bots/src/install/agribot_description/lib/python3.12/site-packages/agribot_description/__pycache__/__init__.cpython-312.pyc
/home/sushant-ros/my_bots/src/install/agribot_description/share/ament_index/resource_index/packages/agribot_description
/home/sushant-ros/my_bots/src/install/agribot_description/share/agribot_description/package.xml
/home/sushant-ros/my_bots/src/install/agribot_description/share/agribot_description/launch/gazebo.launch.py
/home/sushant-ros/my_bots/src/install/agribot_description/share/agribot_description/launch/display.launch.py
/home/sushant-ros/my_bots/src/install/agribot_description/share/agribot_description/urdf/materials.xacro
/home/sushant-ros/my_bots/src/install/agribot_description/share/agribot_description/urdf/agribot.ros2control
/home/sushant-ros/my_bots/src/install/agribot_description/share/agribot_description/urdf/agribot.gazebo
/home/sushant-ros/my_bots/src/install/agribot_description/share/agribot_description/urdf/agribot.xacro
/home/sushant-ros/my_bots/src/install/agribot_description/share/agribot_description/meshes/motor_3.stl
/home/sushant-ros/my_bots/src/install/agribot_description/share/agribot_description/meshes/base_link.stl
/home/sushant-ros/my_bots/src/install/agribot_description/share/agribot_description/meshes/camera_link_1.stl
/home/sushant-ros/my_bots/src/install/agribot_description/share/agribot_description/meshes/motor_mount_2.stl
/home/sushant-ros/my_bots/src/install/agribot_description/share/agribot_description/meshes/motor_mount_5.stl
/home/sushant-ros/my_bots/src/install/agribot_description/share/agribot_description/meshes/motor_6.stl
/home/sushant-ros/my_bots/src/install/agribot_description/share/agribot_description/meshes/left_rear_link_1.stl
/home/sushant-ros/my_bots/src/install/agribot_description/share/agribot_description/meshes/motor_mount_4.stl
/home/sushant-ros/my_bots/src/install/agribot_description/share/agribot_description/meshes/lidar_link_1.stl
/home/sushant-ros/my_bots/src/install/agribot_description/share/agribot_description/meshes/left_mid_link_1.stl
/home/sushant-ros/my_bots/src/install/agribot_description/share/agribot_description/meshes/motor_mount_6.stl
/home/sushant-ros/my_bots/src/install/agribot_description/share/agribot_description/meshes/motor_1.stl
/home/sushant-ros/my_bots/src/install/agribot_description/share/agribot_description/meshes/motor_mount_3.stl
/home/sushant-ros/my_bots/src/install/agribot_description/share/agribot_description/meshes/motor_2.stl
/home/sushant-ros/my_bots/src/install/agribot_description/share/agribot_description/meshes/motor_4.stl
/home/sushant-ros/my_bots/src/install/agribot_description/share/agribot_description/meshes/motor_mount_1.stl
/home/sushant-ros/my_bots/src/install/agribot_description/share/agribot_description/meshes/left_front_link_1.stl
/home/sushant-ros/my_bots/src/install/agribot_description/share/agribot_description/meshes/right_mid_link_1.stl
/home/sushant-ros/my_bots/src/install/agribot_description/share/agribot_description/meshes/motor_5.stl
/home/sushant-ros/my_bots/src/install/agribot_description/share/agribot_description/meshes/imu_link_1.stl
/home/sushant-ros/my_bots/src/install/agribot_description/share/agribot_description/meshes/right_rear_link_1.stl
/home/sushant-ros/my_bots/src/install/agribot_description/share/agribot_description/meshes/right_front_link_1.stl
/home/sushant-ros/my_bots/src/install/agribot_description/share/agribot_description/config/display.rviz
/home/sushant-ros/my_bots/src/install/agribot_description/share/agribot_description/config/ros_gz_bridge_gazebo.yaml
/home/sushant-ros/my_bots/src/install/agribot_description/share/agribot_description/config/gazebo.rviz
/home/sushant-ros/my_bots/src/install/agribot_description/lib/python3.12/site-packages/agribot_description-0.0.0-py3.12.egg-info/requires.txt
/home/sushant-ros/my_bots/src/install/agribot_description/lib/python3.12/site-packages/agribot_description-0.0.0-py3.12.egg-info/dependency_links.txt
/home/sushant-ros/my_bots/src/install/agribot_description/lib/python3.12/site-packages/agribot_description-0.0.0-py3.12.egg-info/SOURCES.txt
/home/sushant-ros/my_bots/src/install/agribot_description/lib/python3.12/site-packages/agribot_description-0.0.0-py3.12.egg-info/PKG-INFO
/home/sushant-ros/my_bots/src/install/agribot_description/lib/python3.12/site-packages/agribot_description-0.0.0-py3.12.egg-info/zip-safe
/home/sushant-ros/my_bots/src/install/agribot_description/lib/python3.12/site-packages/agribot_description-0.0.0-py3.12.egg-info/top_level.txt
